<?xml version="1.0" encoding="UTF-8"?>
<testsuite name="apiTests.UserAccountApiTests.UserAccountApiTests" tests="36" skipped="0" failures="0" errors="0" timestamp="2025-07-19T13:15:41" hostname="DESKTOP-7SJ24SJ" time="598.338">
  <properties/>
  <testcase name="Проверка работоспособности сервера API" classname="apiTests.UserAccountApiTests.UserAccountApiTests" time="2.104"/>
  <testcase name="Логин и сохранение токена" classname="apiTests.UserAccountApiTests.UserAccountApiTests" time="2.104"/>
  <testcase name="Профиль возвращается корректно для авторизованного пользователя" classname="apiTests.UserAccountApiTests.UserAccountApiTests" time="1.434"/>
  <testcase name="Профиль успешно обновляется" classname="apiTests.UserAccountApiTests.UserAccountApiTests" time="1.824"/>
  <testcase name="Сбрасываем пароль" classname="apiTests.UserAccountApiTests.UserAccountApiTests" time="2.912"/>
  <testcase name="Сброс пароля работает при фиктивном токене (эмуляция)" classname="apiTests.UserAccountApiTests.UserAccountApiTests" time="1.65"/>
  <testcase name="Меняем пароль" classname="apiTests.UserAccountApiTests.UserAccountApiTests" time="1.667"/>
  <testcase name="Выходим из системы" classname="apiTests.UserAccountApiTests.UserAccountApiTests" time="1.569"/>
  <testcase name="Удаление аккаунта" classname="apiTests.UserAccountApiTests.UserAccountApiTests" time="1.575"/>
  <testcase name="Логин с неверным паролем" classname="apiTests.UserAccountApiTests.UserAccountApiTests" time="1.388"/>
  <testcase name="Логин без тела запроса" classname="apiTests.UserAccountApiTests.UserAccountApiTests" time="1.708"/>
  <testcase name="Логин с незарегистрированным email" classname="apiTests.UserAccountApiTests.UserAccountApiTests" time="1.418"/>
  <testcase name="Регистрация без тела запроса" classname="apiTests.UserAccountApiTests.UserAccountApiTests" time="1.522"/>
  <testcase name="Логин с некорректным Content-Type" classname="apiTests.UserAccountApiTests.UserAccountApiTests" time="1.292"/>
  <testcase name="Регистрация с пустым email" classname="apiTests.UserAccountApiTests.UserAccountApiTests" time="1.278"/>
  <testcase name="Регистрация с уже существующим email" classname="apiTests.UserAccountApiTests.UserAccountApiTests" time="2.288"/>
  <testcase name="Регистрация с коротким паролем" classname="apiTests.UserAccountApiTests.UserAccountApiTests" time="1.711"/>
  <testcase name="Регистрация с некорректным email" classname="apiTests.UserAccountApiTests.UserAccountApiTests" time="2.059"/>
  <testcase name="Проверка работоспособности сервера API" classname="apiTests.UserAccountApiTests.UserAccountApiTests" time="2.247"/>
  <testcase name="Логин и сохранение токена" classname="apiTests.UserAccountApiTests.UserAccountApiTests" time="2.363"/>
  <testcase name="Профиль возвращается корректно для авторизованного пользователя" classname="apiTests.UserAccountApiTests.UserAccountApiTests" time="1.511"/>
  <testcase name="Профиль успешно обновляется" classname="apiTests.UserAccountApiTests.UserAccountApiTests" time="2.108"/>
  <testcase name="Сбрасываем пароль" classname="apiTests.UserAccountApiTests.UserAccountApiTests" time="1.495"/>
  <testcase name="Сброс пароля работает при фиктивном токене (эмуляция)" classname="apiTests.UserAccountApiTests.UserAccountApiTests" time="1.626"/>
  <testcase name="Меняем пароль" classname="apiTests.UserAccountApiTests.UserAccountApiTests" time="1.667"/>
  <testcase name="Выходим из системы" classname="apiTests.UserAccountApiTests.UserAccountApiTests" time="1.371"/>
  <testcase name="Удаление аккаунта" classname="apiTests.UserAccountApiTests.UserAccountApiTests" time="1.53"/>
  <testcase name="Логин с неверным паролем" classname="apiTests.UserAccountApiTests.UserAccountApiTests" time="1.299"/>
  <testcase name="Логин без тела запроса" classname="apiTests.UserAccountApiTests.UserAccountApiTests" time="1.802"/>
  <testcase name="Логин с незарегистрированным email" classname="apiTests.UserAccountApiTests.UserAccountApiTests" time="1.533"/>
  <testcase name="Регистрация без тела запроса" classname="apiTests.UserAccountApiTests.UserAccountApiTests" time="1.569"/>
  <testcase name="Логин с некорректным Content-Type" classname="apiTests.UserAccountApiTests.UserAccountApiTests" time="3.265"/>
  <testcase name="Регистрация с пустым email" classname="apiTests.UserAccountApiTests.UserAccountApiTests" time="1.304"/>
  <testcase name="Регистрация с уже существующим email" classname="apiTests.UserAccountApiTests.UserAccountApiTests" time="2.058"/>
  <testcase name="Регистрация с коротким паролем" classname="apiTests.UserAccountApiTests.UserAccountApiTests" time="2.597"/>
  <testcase name="Регистрация с некорректным email" classname="apiTests.UserAccountApiTests.UserAccountApiTests" time="1.398"/>
  <system-out><![CDATA[Request URI:	https://practice.expandtesting.com/notes/api/users/register
Request URI:	https://practice.expandtesting.com/notes/api/users/register
Request URI:	https://practice.expandtesting.com/notes/api/users/register
Request URI:	https://practice.expandtesting.com/notes/api/users/register
Request URI:	https://practice.expandtesting.com/notes/api/users/register
Request URI:	https://practice.expandtesting.com/notes/api/users/register
Request URI:	https://practice.expandtesting.com/notes/api/users/register
Request URI:	https://practice.expandtesting.com/notes/api/users/register
Request URI:	https://practice.expandtesting.com/notes/api/users/register
Request URI:	https://practice.expandtesting.com/notes/api/users/register
Request URI:	https://practice.expandtesting.com/notes/api/users/register
Request URI:	https://practice.expandtesting.com/notes/api/users/register
Request URI:	https://practice.expandtesting.com/notes/api/users/register
Request URI:	https://practice.expandtesting.com/notes/api/users/register
Request URI:	https://practice.expandtesting.com/notes/api/users/register
Request URI:	https://practice.expandtesting.com/notes/api/users/register
Request URI:	https://practice.expandtesting.com/notes/api/users/register
HTTP/1.1 201 Created
access-control-allow-origin: *
access-control-allow-credentials: true
access-control-allow-methods: GET, POST, PUT, DELETE, PATCH
access-control-allow-headers: Origin, X-Requested-With, Authorization, Content-Type, Accept, X-Auth-Token
content-type: application/json; charset=utf-8
content-encoding: gzip
etag: W/"b8-gGXfIfqq3M/5hpIgJ1DnrHQea34"
set-cookie: express:sess=eyJmbGFzaCI6e319; path=/; httponly
set-cookie: express:sess.sig=tdt42nQZiQvICqmrvHQ1_16fHk0; path=/; httponly
date: Sat, 19 Jul 2025 13:15:43 GMT
connection: keep-alive
keep-alive: timeout=5
transfer-encoding: chunked

{
    "success": true,
    "status": 201,
    "message": "User account created successfully",
    "data": {
        "id": "687b9a7f9d1b4b028865d711",
        "name": "chantal.cartwright",
        "email": "courtney.rutherford@yahoo.com"
    }
}
Request URI:	https://practice.expandtesting.com/notes/api/users/login
Request URI:	https://practice.expandtesting.com/notes/api/users/login
Request URI:	https://practice.expandtesting.com/notes/api/users/login
Request URI:	https://practice.expandtesting.com/notes/api/users/login
Request URI:	https://practice.expandtesting.com/notes/api/users/login
Request URI:	https://practice.expandtesting.com/notes/api/users/login
Request URI:	https://practice.expandtesting.com/notes/api/users/login
Request URI:	https://practice.expandtesting.com/notes/api/users/login
Request URI:	https://practice.expandtesting.com/notes/api/users/login
Request URI:	https://practice.expandtesting.com/notes/api/users/login
Request URI:	https://practice.expandtesting.com/notes/api/users/login
Request URI:	https://practice.expandtesting.com/notes/api/users/login
Request URI:	https://practice.expandtesting.com/notes/api/users/login
Request URI:	https://practice.expandtesting.com/notes/api/users/login
Request URI:	https://practice.expandtesting.com/notes/api/users/login
Request URI:	https://practice.expandtesting.com/notes/api/users/login
Request URI:	https://practice.expandtesting.com/notes/api/users/login
HTTP/1.1 200 OK
access-control-allow-origin: *
access-control-allow-credentials: true
access-control-allow-methods: GET, POST, PUT, DELETE, PATCH
access-control-allow-headers: Origin, X-Requested-With, Authorization, Content-Type, Accept, X-Auth-Token
content-type: application/json; charset=utf-8
content-encoding: gzip
etag: W/"f2-f5NwQm9n3JSKtV9Snz1PAtL4c3I"
set-cookie: express:sess=eyJmbGFzaCI6e319; path=/; httponly
set-cookie: express:sess.sig=tdt42nQZiQvICqmrvHQ1_16fHk0; path=/; httponly
date: Sat, 19 Jul 2025 13:15:44 GMT
connection: keep-alive
keep-alive: timeout=5
transfer-encoding: chunked

{
    "success": true,
    "status": 200,
    "message": "Login successful",
    "data": {
        "id": "687b9a7f9d1b4b028865d711",
        "name": "chantal.cartwright",
        "email": "courtney.rutherford@yahoo.com",
        "token": "7adbe9f6fc1a4c6d8a9e0f25918c18a3a74f1f925003442fbcbc64bac74168c7"
    }
}
Request URI:	https://practice.expandtesting.com/notes/api/health-check
Request URI:	https://practice.expandtesting.com/notes/api/health-check
Request URI:	https://practice.expandtesting.com/notes/api/health-check
Request URI:	https://practice.expandtesting.com/notes/api/health-check
Request URI:	https://practice.expandtesting.com/notes/api/health-check
Request URI:	https://practice.expandtesting.com/notes/api/health-check
Request URI:	https://practice.expandtesting.com/notes/api/health-check
Request URI:	https://practice.expandtesting.com/notes/api/health-check
Request URI:	https://practice.expandtesting.com/notes/api/health-check
Request URI:	https://practice.expandtesting.com/notes/api/health-check
Request URI:	https://practice.expandtesting.com/notes/api/health-check
Request URI:	https://practice.expandtesting.com/notes/api/health-check
Request URI:	https://practice.expandtesting.com/notes/api/health-check
Request URI:	https://practice.expandtesting.com/notes/api/health-check
Request URI:	https://practice.expandtesting.com/notes/api/health-check
Request URI:	https://practice.expandtesting.com/notes/api/health-check
Request URI:	https://practice.expandtesting.com/notes/api/health-check
HTTP/1.1 200 OK
access-control-allow-origin: *
access-control-allow-credentials: true
access-control-allow-methods: GET, POST, PUT, DELETE, PATCH
access-control-allow-headers: Origin, X-Requested-With, Authorization, Content-Type, Accept, X-Auth-Token
content-type: application/json; charset=utf-8
content-encoding: gzip
etag: W/"3e-FE3Nfnlblw5s6WOK197+HBp7tw8"
set-cookie: express:sess=eyJmbGFzaCI6e319; path=/; httponly
set-cookie: express:sess.sig=tdt42nQZiQvICqmrvHQ1_16fHk0; path=/; httponly
date: Sat, 19 Jul 2025 13:15:44 GMT
connection: keep-alive
keep-alive: timeout=5
transfer-encoding: chunked

{
    "success": true,
    "status": 200,
    "message": "Notes API is Running"
}
Request URI:	https://practice.expandtesting.com/notes/api/users/register
Request URI:	https://practice.expandtesting.com/notes/api/users/register
Request URI:	https://practice.expandtesting.com/notes/api/users/register
Request URI:	https://practice.expandtesting.com/notes/api/users/register
Request URI:	https://practice.expandtesting.com/notes/api/users/register
Request URI:	https://practice.expandtesting.com/notes/api/users/register
Request URI:	https://practice.expandtesting.com/notes/api/users/register
Request URI:	https://practice.expandtesting.com/notes/api/users/register
Request URI:	https://practice.expandtesting.com/notes/api/users/register
Request URI:	https://practice.expandtesting.com/notes/api/users/register
Request URI:	https://practice.expandtesting.com/notes/api/users/register
Request URI:	https://practice.expandtesting.com/notes/api/users/register
Request URI:	https://practice.expandtesting.com/notes/api/users/register
Request URI:	https://practice.expandtesting.com/notes/api/users/register
Request URI:	https://practice.expandtesting.com/notes/api/users/register
Request URI:	https://practice.expandtesting.com/notes/api/users/register
Request URI:	https://practice.expandtesting.com/notes/api/users/register
Request URI:	https://practice.expandtesting.com/notes/api/users/register
HTTP/1.1 201 Created
access-control-allow-origin: *
access-control-allow-credentials: true
access-control-allow-methods: GET, POST, PUT, DELETE, PATCH
access-control-allow-headers: Origin, X-Requested-With, Authorization, Content-Type, Accept, X-Auth-Token
content-type: application/json; charset=utf-8
content-encoding: gzip
etag: W/"a9-1e+LUudfKwp8l2LNrQC7TmcQ4Zc"
set-cookie: express:sess=eyJmbGFzaCI6e319; path=/; httponly
set-cookie: express:sess.sig=tdt42nQZiQvICqmrvHQ1_16fHk0; path=/; httponly
date: Sat, 19 Jul 2025 13:15:45 GMT
connection: keep-alive
keep-alive: timeout=5
transfer-encoding: chunked

{
    "success": true,
    "status": 201,
    "message": "User account created successfully",
    "data": {
        "id": "687b9a819d1b4b028865d718",
        "name": "scott.legros",
        "email": "sang.morar@yahoo.com"
    }
}
Request URI:	https://practice.expandtesting.com/notes/api/users/login
Request URI:	https://practice.expandtesting.com/notes/api/users/login
Request URI:	https://practice.expandtesting.com/notes/api/users/login
Request URI:	https://practice.expandtesting.com/notes/api/users/login
Request URI:	https://practice.expandtesting.com/notes/api/users/login
Request URI:	https://practice.expandtesting.com/notes/api/users/login
Request URI:	https://practice.expandtesting.com/notes/api/users/login
Request URI:	https://practice.expandtesting.com/notes/api/users/login
Request URI:	https://practice.expandtesting.com/notes/api/users/login
Request URI:	https://practice.expandtesting.com/notes/api/users/login
Request URI:	https://practice.expandtesting.com/notes/api/users/login
Request URI:	https://practice.expandtesting.com/notes/api/users/login
Request URI:	https://practice.expandtesting.com/notes/api/users/login
Request URI:	https://practice.expandtesting.com/notes/api/users/login
Request URI:	https://practice.expandtesting.com/notes/api/users/login
Request URI:	https://practice.expandtesting.com/notes/api/users/login
Request URI:	https://practice.expandtesting.com/notes/api/users/login
Request URI:	https://practice.expandtesting.com/notes/api/users/login
HTTP/1.1 200 OK
access-control-allow-origin: *
access-control-allow-credentials: true
access-control-allow-methods: GET, POST, PUT, DELETE, PATCH
access-control-allow-headers: Origin, X-Requested-With, Authorization, Content-Type, Accept, X-Auth-Token
content-type: application/json; charset=utf-8
content-encoding: gzip
etag: W/"e3-2I4wJX5B7J++vCZxXtmHsinuTkY"
set-cookie: express:sess=eyJmbGFzaCI6e319; path=/; httponly
set-cookie: express:sess.sig=tdt42nQZiQvICqmrvHQ1_16fHk0; path=/; httponly
date: Sat, 19 Jul 2025 13:15:46 GMT
connection: keep-alive
keep-alive: timeout=5
transfer-encoding: chunked

{
    "success": true,
    "status": 200,
    "message": "Login successful",
    "data": {
        "id": "687b9a819d1b4b028865d718",
        "name": "scott.legros",
        "email": "sang.morar@yahoo.com",
        "token": "90955c58f25346018372fc601fc19d99a3a430a24b8849949d6f8ed7b3d6e89e"
    }
}
Request URI:	https://practice.expandtesting.com/notes/api/users/login
Request URI:	https://practice.expandtesting.com/notes/api/users/login
Request URI:	https://practice.expandtesting.com/notes/api/users/login
Request URI:	https://practice.expandtesting.com/notes/api/users/login
Request URI:	https://practice.expandtesting.com/notes/api/users/login
Request URI:	https://practice.expandtesting.com/notes/api/users/login
Request URI:	https://practice.expandtesting.com/notes/api/users/login
Request URI:	https://practice.expandtesting.com/notes/api/users/login
Request URI:	https://practice.expandtesting.com/notes/api/users/login
Request URI:	https://practice.expandtesting.com/notes/api/users/login
Request URI:	https://practice.expandtesting.com/notes/api/users/login
Request URI:	https://practice.expandtesting.com/notes/api/users/login
Request URI:	https://practice.expandtesting.com/notes/api/users/login
Request URI:	https://practice.expandtesting.com/notes/api/users/login
Request URI:	https://practice.expandtesting.com/notes/api/users/login
Request URI:	https://practice.expandtesting.com/notes/api/users/login
Request URI:	https://practice.expandtesting.com/notes/api/users/login
Request URI:	https://practice.expandtesting.com/notes/api/users/login
HTTP/1.1 200 OK
access-control-allow-origin: *
access-control-allow-credentials: true
access-control-allow-methods: GET, POST, PUT, DELETE, PATCH
access-control-allow-headers: Origin, X-Requested-With, Authorization, Content-Type, Accept, X-Auth-Token
content-type: application/json; charset=utf-8
content-encoding: gzip
etag: W/"e3-2I4wJX5B7J++vCZxXtmHsinuTkY"
set-cookie: express:sess=eyJmbGFzaCI6e319; path=/; httponly
set-cookie: express:sess.sig=tdt42nQZiQvICqmrvHQ1_16fHk0; path=/; httponly
date: Sat, 19 Jul 2025 13:15:46 GMT
connection: keep-alive
keep-alive: timeout=5
transfer-encoding: chunked

{
    "success": true,
    "status": 200,
    "message": "Login successful",
    "data": {
        "id": "687b9a819d1b4b028865d718",
        "name": "scott.legros",
        "email": "sang.morar@yahoo.com",
        "token": "90955c58f25346018372fc601fc19d99a3a430a24b8849949d6f8ed7b3d6e89e"
    }
}
Request URI:	https://practice.expandtesting.com/notes/api/users/register
Request URI:	https://practice.expandtesting.com/notes/api/users/register
Request URI:	https://practice.expandtesting.com/notes/api/users/register
Request URI:	https://practice.expandtesting.com/notes/api/users/register
Request URI:	https://practice.expandtesting.com/notes/api/users/register
Request URI:	https://practice.expandtesting.com/notes/api/users/register
Request URI:	https://practice.expandtesting.com/notes/api/users/register
Request URI:	https://practice.expandtesting.com/notes/api/users/register
Request URI:	https://practice.expandtesting.com/notes/api/users/register
Request URI:	https://practice.expandtesting.com/notes/api/users/register
Request URI:	https://practice.expandtesting.com/notes/api/users/register
Request URI:	https://practice.expandtesting.com/notes/api/users/register
Request URI:	https://practice.expandtesting.com/notes/api/users/register
Request URI:	https://practice.expandtesting.com/notes/api/users/register
Request URI:	https://practice.expandtesting.com/notes/api/users/register
Request URI:	https://practice.expandtesting.com/notes/api/users/register
Request URI:	https://practice.expandtesting.com/notes/api/users/register
Request URI:	https://practice.expandtesting.com/notes/api/users/register
Request URI:	https://practice.expandtesting.com/notes/api/users/register
HTTP/1.1 201 Created
access-control-allow-origin: *
access-control-allow-credentials: true
access-control-allow-methods: GET, POST, PUT, DELETE, PATCH
access-control-allow-headers: Origin, X-Requested-With, Authorization, Content-Type, Accept, X-Auth-Token
content-type: application/json; charset=utf-8
content-encoding: gzip
etag: W/"ac-8+vmZJKbktucgpNbCXlK/MzWG/c"
set-cookie: express:sess=eyJmbGFzaCI6e319; path=/; httponly
set-cookie: express:sess.sig=tdt42nQZiQvICqmrvHQ1_16fHk0; path=/; httponly
date: Sat, 19 Jul 2025 13:15:47 GMT
connection: keep-alive
keep-alive: timeout=5
transfer-encoding: chunked

{
    "success": true,
    "status": 201,
    "message": "User account created successfully",
    "data": {
        "id": "687b9a839d1b4b028865d721",
        "name": "vida.schimmel",
        "email": "pearly.blick@gmail.com"
    }
}
Request URI:	https://practice.expandtesting.com/notes/api/users/login
Request URI:	https://practice.expandtesting.com/notes/api/users/login
Request URI:	https://practice.expandtesting.com/notes/api/users/login
Request URI:	https://practice.expandtesting.com/notes/api/users/login
Request URI:	https://practice.expandtesting.com/notes/api/users/login
Request URI:	https://practice.expandtesting.com/notes/api/users/login
Request URI:	https://practice.expandtesting.com/notes/api/users/login
Request URI:	https://practice.expandtesting.com/notes/api/users/login
Request URI:	https://practice.expandtesting.com/notes/api/users/login
Request URI:	https://practice.expandtesting.com/notes/api/users/login
Request URI:	https://practice.expandtesting.com/notes/api/users/login
Request URI:	https://practice.expandtesting.com/notes/api/users/login
Request URI:	https://practice.expandtesting.com/notes/api/users/login
Request URI:	https://practice.expandtesting.com/notes/api/users/login
Request URI:	https://practice.expandtesting.com/notes/api/users/login
Request URI:	https://practice.expandtesting.com/notes/api/users/login
Request URI:	https://practice.expandtesting.com/notes/api/users/login
Request URI:	https://practice.expandtesting.com/notes/api/users/login
Request URI:	https://practice.expandtesting.com/notes/api/users/login
HTTP/1.1 200 OK
access-control-allow-origin: *
access-control-allow-credentials: true
access-control-allow-methods: GET, POST, PUT, DELETE, PATCH
access-control-allow-headers: Origin, X-Requested-With, Authorization, Content-Type, Accept, X-Auth-Token
content-type: application/json; charset=utf-8
content-encoding: gzip
etag: W/"e6-zFhxftHsUuJqX5+FXHsnUu9iL50"
set-cookie: express:sess=eyJmbGFzaCI6e319; path=/; httponly
set-cookie: express:sess.sig=tdt42nQZiQvICqmrvHQ1_16fHk0; path=/; httponly
date: Sat, 19 Jul 2025 13:15:48 GMT
connection: keep-alive
keep-alive: timeout=5
transfer-encoding: chunked

{
    "success": true,
    "status": 200,
    "message": "Login successful",
    "data": {
        "id": "687b9a839d1b4b028865d721",
        "name": "vida.schimmel",
        "email": "pearly.blick@gmail.com",
        "token": "5b2b7b311968466888ed44f8a91c2f84f22b7255de9c444d8967c03bb0302d9d"
    }
}
Request URI:	https://practice.expandtesting.com/notes/api/users/profile
Request URI:	https://practice.expandtesting.com/notes/api/users/profile
Request URI:	https://practice.expandtesting.com/notes/api/users/profile
Request URI:	https://practice.expandtesting.com/notes/api/users/profile
Request URI:	https://practice.expandtesting.com/notes/api/users/profile
Request URI:	https://practice.expandtesting.com/notes/api/users/profile
Request URI:	https://practice.expandtesting.com/notes/api/users/profile
Request URI:	https://practice.expandtesting.com/notes/api/users/profile
Request URI:	https://practice.expandtesting.com/notes/api/users/profile
Request URI:	https://practice.expandtesting.com/notes/api/users/profile
Request URI:	https://practice.expandtesting.com/notes/api/users/profile
Request URI:	https://practice.expandtesting.com/notes/api/users/profile
Request URI:	https://practice.expandtesting.com/notes/api/users/profile
Request URI:	https://practice.expandtesting.com/notes/api/users/profile
Request URI:	https://practice.expandtesting.com/notes/api/users/profile
Request URI:	https://practice.expandtesting.com/notes/api/users/profile
Request URI:	https://practice.expandtesting.com/notes/api/users/profile
Request URI:	https://practice.expandtesting.com/notes/api/users/profile
Request URI:	https://practice.expandtesting.com/notes/api/users/profile
Request URI:	https://practice.expandtesting.com/notes/api/users/register
Request URI:	https://practice.expandtesting.com/notes/api/users/register
Request URI:	https://practice.expandtesting.com/notes/api/users/register
Request URI:	https://practice.expandtesting.com/notes/api/users/register
Request URI:	https://practice.expandtesting.com/notes/api/users/register
Request URI:	https://practice.expandtesting.com/notes/api/users/register
Request URI:	https://practice.expandtesting.com/notes/api/users/register
Request URI:	https://practice.expandtesting.com/notes/api/users/register
Request URI:	https://practice.expandtesting.com/notes/api/users/register
Request URI:	https://practice.expandtesting.com/notes/api/users/register
Request URI:	https://practice.expandtesting.com/notes/api/users/register
Request URI:	https://practice.expandtesting.com/notes/api/users/register
Request URI:	https://practice.expandtesting.com/notes/api/users/register
Request URI:	https://practice.expandtesting.com/notes/api/users/register
Request URI:	https://practice.expandtesting.com/notes/api/users/register
Request URI:	https://practice.expandtesting.com/notes/api/users/register
Request URI:	https://practice.expandtesting.com/notes/api/users/register
Request URI:	https://practice.expandtesting.com/notes/api/users/register
Request URI:	https://practice.expandtesting.com/notes/api/users/register
Request URI:	https://practice.expandtesting.com/notes/api/users/register
HTTP/1.1 201 Created
access-control-allow-origin: *
access-control-allow-credentials: true
access-control-allow-methods: GET, POST, PUT, DELETE, PATCH
access-control-allow-headers: Origin, X-Requested-With, Authorization, Content-Type, Accept, X-Auth-Token
content-type: application/json; charset=utf-8
content-encoding: gzip
etag: W/"ae-Gfr560CBat2UxkLSNmca5kZ9vIM"
set-cookie: express:sess=eyJmbGFzaCI6e319; path=/; httponly
set-cookie: express:sess.sig=tdt42nQZiQvICqmrvHQ1_16fHk0; path=/; httponly
date: Sat, 19 Jul 2025 13:15:48 GMT
connection: keep-alive
keep-alive: timeout=5
transfer-encoding: chunked

{
    "success": true,
    "status": 201,
    "message": "User account created successfully",
    "data": {
        "id": "687b9a849d1b4b028865d72a",
        "name": "mathew.abbott",
        "email": "tommie.bosco@hotmail.com"
    }
}
Request URI:	https://practice.expandtesting.com/notes/api/users/login
Request URI:	https://practice.expandtesting.com/notes/api/users/login
Request URI:	https://practice.expandtesting.com/notes/api/users/login
Request URI:	https://practice.expandtesting.com/notes/api/users/login
Request URI:	https://practice.expandtesting.com/notes/api/users/login
Request URI:	https://practice.expandtesting.com/notes/api/users/login
Request URI:	https://practice.expandtesting.com/notes/api/users/login
Request URI:	https://practice.expandtesting.com/notes/api/users/login
Request URI:	https://practice.expandtesting.com/notes/api/users/login
Request URI:	https://practice.expandtesting.com/notes/api/users/login
Request URI:	https://practice.expandtesting.com/notes/api/users/login
Request URI:	https://practice.expandtesting.com/notes/api/users/login
Request URI:	https://practice.expandtesting.com/notes/api/users/login
Request URI:	https://practice.expandtesting.com/notes/api/users/login
Request URI:	https://practice.expandtesting.com/notes/api/users/login
Request URI:	https://practice.expandtesting.com/notes/api/users/login
Request URI:	https://practice.expandtesting.com/notes/api/users/login
Request URI:	https://practice.expandtesting.com/notes/api/users/login
Request URI:	https://practice.expandtesting.com/notes/api/users/login
Request URI:	https://practice.expandtesting.com/notes/api/users/login
HTTP/1.1 200 OK
access-control-allow-origin: *
access-control-allow-credentials: true
access-control-allow-methods: GET, POST, PUT, DELETE, PATCH
access-control-allow-headers: Origin, X-Requested-With, Authorization, Content-Type, Accept, X-Auth-Token
content-type: application/json; charset=utf-8
content-encoding: gzip
etag: W/"e8-B57XJgg8gveIaFIjaXJ+Eel7XDk"
set-cookie: express:sess=eyJmbGFzaCI6e319; path=/; httponly
set-cookie: express:sess.sig=tdt42nQZiQvICqmrvHQ1_16fHk0; path=/; httponly
date: Sat, 19 Jul 2025 13:15:49 GMT
connection: keep-alive
keep-alive: timeout=5
transfer-encoding: chunked

{
    "success": true,
    "status": 200,
    "message": "Login successful",
    "data": {
        "id": "687b9a849d1b4b028865d72a",
        "name": "mathew.abbott",
        "email": "tommie.bosco@hotmail.com",
        "token": "07459de83fcd4fe69457cadfd7ec72abd263fbb95780442683cae770e4f0d2fa"
    }
}
Request URI:	https://practice.expandtesting.com/notes/api/users/profile
Request URI:	https://practice.expandtesting.com/notes/api/users/profile
Request URI:	https://practice.expandtesting.com/notes/api/users/profile
Request URI:	https://practice.expandtesting.com/notes/api/users/profile
Request URI:	https://practice.expandtesting.com/notes/api/users/profile
Request URI:	https://practice.expandtesting.com/notes/api/users/profile
Request URI:	https://practice.expandtesting.com/notes/api/users/profile
Request URI:	https://practice.expandtesting.com/notes/api/users/profile
Request URI:	https://practice.expandtesting.com/notes/api/users/profile
Request URI:	https://practice.expandtesting.com/notes/api/users/profile
Request URI:	https://practice.expandtesting.com/notes/api/users/profile
Request URI:	https://practice.expandtesting.com/notes/api/users/profile
Request URI:	https://practice.expandtesting.com/notes/api/users/profile
Request URI:	https://practice.expandtesting.com/notes/api/users/profile
Request URI:	https://practice.expandtesting.com/notes/api/users/profile
Request URI:	https://practice.expandtesting.com/notes/api/users/profile
Request URI:	https://practice.expandtesting.com/notes/api/users/profile
Request URI:	https://practice.expandtesting.com/notes/api/users/profile
Request URI:	https://practice.expandtesting.com/notes/api/users/profile
Request URI:	https://practice.expandtesting.com/notes/api/users/profile
Request method:	PATCH
Request URI:	https://practice.expandtesting.com/notes/api/users/profile
Proxy:			<none>
Request params:	<none>
Query params:	<none>
Form params:	name=Jeanne Wuckert
				phone=6208292163
				company=Greenholt, Crona and Anderson
Path params:	<none>
Headers:		X-Auth-Token=07459de83fcd4fe69457cadfd7ec72abd263fbb95780442683cae770e4f0d2fa
				Accept=application/json, application/javascript, text/javascript, text/json
				Content-Type=application/x-www-form-urlencoded; charset=UTF-8
Cookies:		<none>
Multiparts:		<none>
Body:			<none>
HTTP/1.1 200 OK
access-control-allow-origin: *
access-control-allow-credentials: true
access-control-allow-methods: GET, POST, PUT, DELETE, PATCH
access-control-allow-headers: Origin, X-Requested-With, Authorization, Content-Type, Accept, X-Auth-Token
content-type: application/json; charset=utf-8
content-encoding: gzip
etag: W/"e7-skbypX0N69XNVz53ETjyKf0QKNs"
set-cookie: express:sess=eyJmbGFzaCI6e319; path=/; httponly
set-cookie: express:sess.sig=tdt42nQZiQvICqmrvHQ1_16fHk0; path=/; httponly
date: Sat, 19 Jul 2025 13:15:49 GMT
connection: keep-alive
keep-alive: timeout=5
transfer-encoding: chunked

{
    "success": true,
    "status": 200,
    "message": "Profile updated successful",
    "data": {
        "id": "687b9a849d1b4b028865d72a",
        "name": "Jeanne Wuckert",
        "email": "tommie.bosco@hotmail.com",
        "phone": "6208292163",
        "company": "Greenholt, Crona and Anderson"
    }
}
Request URI:	https://practice.expandtesting.com/notes/api/users/profile
Request URI:	https://practice.expandtesting.com/notes/api/users/profile
Request URI:	https://practice.expandtesting.com/notes/api/users/profile
Request URI:	https://practice.expandtesting.com/notes/api/users/profile
Request URI:	https://practice.expandtesting.com/notes/api/users/profile
Request URI:	https://practice.expandtesting.com/notes/api/users/profile
Request URI:	https://practice.expandtesting.com/notes/api/users/profile
Request URI:	https://practice.expandtesting.com/notes/api/users/profile
Request URI:	https://practice.expandtesting.com/notes/api/users/profile
Request URI:	https://practice.expandtesting.com/notes/api/users/profile
Request URI:	https://practice.expandtesting.com/notes/api/users/profile
Request URI:	https://practice.expandtesting.com/notes/api/users/profile
Request URI:	https://practice.expandtesting.com/notes/api/users/profile
Request URI:	https://practice.expandtesting.com/notes/api/users/profile
Request URI:	https://practice.expandtesting.com/notes/api/users/profile
Request URI:	https://practice.expandtesting.com/notes/api/users/profile
Request URI:	https://practice.expandtesting.com/notes/api/users/profile
Request URI:	https://practice.expandtesting.com/notes/api/users/profile
Request URI:	https://practice.expandtesting.com/notes/api/users/profile
Request URI:	https://practice.expandtesting.com/notes/api/users/profile
Request URI:	https://practice.expandtesting.com/notes/api/users/register
Request URI:	https://practice.expandtesting.com/notes/api/users/register
Request URI:	https://practice.expandtesting.com/notes/api/users/register
Request URI:	https://practice.expandtesting.com/notes/api/users/register
Request URI:	https://practice.expandtesting.com/notes/api/users/register
Request URI:	https://practice.expandtesting.com/notes/api/users/register
Request URI:	https://practice.expandtesting.com/notes/api/users/register
Request URI:	https://practice.expandtesting.com/notes/api/users/register
Request URI:	https://practice.expandtesting.com/notes/api/users/register
Request URI:	https://practice.expandtesting.com/notes/api/users/register
Request URI:	https://practice.expandtesting.com/notes/api/users/register
Request URI:	https://practice.expandtesting.com/notes/api/users/register
Request URI:	https://practice.expandtesting.com/notes/api/users/register
Request URI:	https://practice.expandtesting.com/notes/api/users/register
Request URI:	https://practice.expandtesting.com/notes/api/users/register
Request URI:	https://practice.expandtesting.com/notes/api/users/register
Request URI:	https://practice.expandtesting.com/notes/api/users/register
Request URI:	https://practice.expandtesting.com/notes/api/users/register
Request URI:	https://practice.expandtesting.com/notes/api/users/register
Request URI:	https://practice.expandtesting.com/notes/api/users/register
Request URI:	https://practice.expandtesting.com/notes/api/users/register
HTTP/1.1 201 Created
access-control-allow-origin: *
access-control-allow-credentials: true
access-control-allow-methods: GET, POST, PUT, DELETE, PATCH
access-control-allow-headers: Origin, X-Requested-With, Authorization, Content-Type, Accept, X-Auth-Token
content-type: application/json; charset=utf-8
content-encoding: gzip
etag: W/"ae-LEdgkmcrAOhboUpBVVmu9ZerRN4"
set-cookie: express:sess=eyJmbGFzaCI6e319; path=/; httponly
set-cookie: express:sess.sig=tdt42nQZiQvICqmrvHQ1_16fHk0; path=/; httponly
date: Sat, 19 Jul 2025 13:15:50 GMT
connection: keep-alive
keep-alive: timeout=5
transfer-encoding: chunked

{
    "success": true,
    "status": 201,
    "message": "User account created successfully",
    "data": {
        "id": "687b9a869d1b4b028865d736",
        "name": "jacques.erdman",
        "email": "carlton.walsh@yahoo.com"
    }
}
Request URI:	https://practice.expandtesting.com/notes/api/users/login
Request URI:	https://practice.expandtesting.com/notes/api/users/login
Request URI:	https://practice.expandtesting.com/notes/api/users/login
Request URI:	https://practice.expandtesting.com/notes/api/users/login
Request URI:	https://practice.expandtesting.com/notes/api/users/login
Request URI:	https://practice.expandtesting.com/notes/api/users/login
Request URI:	https://practice.expandtesting.com/notes/api/users/login
Request URI:	https://practice.expandtesting.com/notes/api/users/login
Request URI:	https://practice.expandtesting.com/notes/api/users/login
Request URI:	https://practice.expandtesting.com/notes/api/users/login
Request URI:	https://practice.expandtesting.com/notes/api/users/login
Request URI:	https://practice.expandtesting.com/notes/api/users/login
Request URI:	https://practice.expandtesting.com/notes/api/users/login
Request URI:	https://practice.expandtesting.com/notes/api/users/login
Request URI:	https://practice.expandtesting.com/notes/api/users/login
Request URI:	https://practice.expandtesting.com/notes/api/users/login
Request URI:	https://practice.expandtesting.com/notes/api/users/login
Request URI:	https://practice.expandtesting.com/notes/api/users/login
Request URI:	https://practice.expandtesting.com/notes/api/users/login
Request URI:	https://practice.expandtesting.com/notes/api/users/login
Request URI:	https://practice.expandtesting.com/notes/api/users/login
HTTP/1.1 200 OK
access-control-allow-origin: *
access-control-allow-credentials: true
access-control-allow-methods: GET, POST, PUT, DELETE, PATCH
access-control-allow-headers: Origin, X-Requested-With, Authorization, Content-Type, Accept, X-Auth-Token
content-type: application/json; charset=utf-8
content-encoding: gzip
etag: W/"e8-7vbMsuiHWsnTSWUMWBsN2Xt1W8g"
set-cookie: express:sess=eyJmbGFzaCI6e319; path=/; httponly
set-cookie: express:sess.sig=tdt42nQZiQvICqmrvHQ1_16fHk0; path=/; httponly
date: Sat, 19 Jul 2025 13:15:51 GMT
connection: keep-alive
keep-alive: timeout=5
transfer-encoding: chunked

{
    "success": true,
    "status": 200,
    "message": "Login successful",
    "data": {
        "id": "687b9a869d1b4b028865d736",
        "name": "jacques.erdman",
        "email": "carlton.walsh@yahoo.com",
        "token": "f772e8c24364433f921141d3c699a35b3d1f3b09e67a4a30a8fd47af3fe6dd4c"
    }
}
Request URI:	https://practice.expandtesting.com/notes/api/users/forgot-password
Request URI:	https://practice.expandtesting.com/notes/api/users/forgot-password
Request URI:	https://practice.expandtesting.com/notes/api/users/forgot-password
Request URI:	https://practice.expandtesting.com/notes/api/users/forgot-password
Request URI:	https://practice.expandtesting.com/notes/api/users/forgot-password
Request URI:	https://practice.expandtesting.com/notes/api/users/forgot-password
Request URI:	https://practice.expandtesting.com/notes/api/users/forgot-password
Request URI:	https://practice.expandtesting.com/notes/api/users/forgot-password
Request URI:	https://practice.expandtesting.com/notes/api/users/forgot-password
Request URI:	https://practice.expandtesting.com/notes/api/users/forgot-password
Request URI:	https://practice.expandtesting.com/notes/api/users/forgot-password
Request URI:	https://practice.expandtesting.com/notes/api/users/forgot-password
Request URI:	https://practice.expandtesting.com/notes/api/users/forgot-password
Request URI:	https://practice.expandtesting.com/notes/api/users/forgot-password
Request URI:	https://practice.expandtesting.com/notes/api/users/forgot-password
Request URI:	https://practice.expandtesting.com/notes/api/users/forgot-password
Request URI:	https://practice.expandtesting.com/notes/api/users/forgot-password
Request URI:	https://practice.expandtesting.com/notes/api/users/forgot-password
Request URI:	https://practice.expandtesting.com/notes/api/users/forgot-password
Request URI:	https://practice.expandtesting.com/notes/api/users/forgot-password
Request URI:	https://practice.expandtesting.com/notes/api/users/forgot-password
Request method:	POST
Request URI:	https://practice.expandtesting.com/notes/api/users/forgot-password
Proxy:			<none>
Request params:	<none>
Query params:	<none>
Form params:	email=sergej.ocheretko1@gmail.com
Path params:	<none>
Headers:		Accept=application/json, application/javascript, text/javascript, text/json
				Content-Type=application/x-www-form-urlencoded; charset=UTF-8
Cookies:		<none>
Multiparts:		<none>
Body:			<none>
HTTP/1.1 200 OK
access-control-allow-origin: *
access-control-allow-credentials: true
access-control-allow-methods: GET, POST, PUT, DELETE, PATCH
access-control-allow-headers: Origin, X-Requested-With, Authorization, Content-Type, Accept, X-Auth-Token
content-type: application/json; charset=utf-8
content-encoding: gzip
etag: W/"9b-cA1HaMhP3nj2SjqeG5PfB3ZLVCU"
set-cookie: express:sess=eyJmbGFzaCI6e319; path=/; httponly
set-cookie: express:sess.sig=tdt42nQZiQvICqmrvHQ1_16fHk0; path=/; httponly
date: Sat, 19 Jul 2025 13:15:53 GMT
connection: keep-alive
keep-alive: timeout=5
transfer-encoding: chunked

{
    "success": true,
    "status": 200,
    "message": "Password reset link successfully sent to sergej.ocheretko1@gmail.com. Please verify by clicking on the given link"
}
Request URI:	https://practice.expandtesting.com/notes/api/users/register
Request URI:	https://practice.expandtesting.com/notes/api/users/register
Request URI:	https://practice.expandtesting.com/notes/api/users/register
Request URI:	https://practice.expandtesting.com/notes/api/users/register
Request URI:	https://practice.expandtesting.com/notes/api/users/register
Request URI:	https://practice.expandtesting.com/notes/api/users/register
Request URI:	https://practice.expandtesting.com/notes/api/users/register
Request URI:	https://practice.expandtesting.com/notes/api/users/register
Request URI:	https://practice.expandtesting.com/notes/api/users/register
Request URI:	https://practice.expandtesting.com/notes/api/users/register
Request URI:	https://practice.expandtesting.com/notes/api/users/register
Request URI:	https://practice.expandtesting.com/notes/api/users/register
Request URI:	https://practice.expandtesting.com/notes/api/users/register
Request URI:	https://practice.expandtesting.com/notes/api/users/register
Request URI:	https://practice.expandtesting.com/notes/api/users/register
Request URI:	https://practice.expandtesting.com/notes/api/users/register
Request URI:	https://practice.expandtesting.com/notes/api/users/register
Request URI:	https://practice.expandtesting.com/notes/api/users/register
Request URI:	https://practice.expandtesting.com/notes/api/users/register
Request URI:	https://practice.expandtesting.com/notes/api/users/register
Request URI:	https://practice.expandtesting.com/notes/api/users/register
Request URI:	https://practice.expandtesting.com/notes/api/users/register
HTTP/1.1 201 Created
access-control-allow-origin: *
access-control-allow-credentials: true
access-control-allow-methods: GET, POST, PUT, DELETE, PATCH
access-control-allow-headers: Origin, X-Requested-With, Authorization, Content-Type, Accept, X-Auth-Token
content-type: application/json; charset=utf-8
content-encoding: gzip
etag: W/"ad-6VZUGXfercTUQfql1EzsqV+n7x8"
set-cookie: express:sess=eyJmbGFzaCI6e319; path=/; httponly
set-cookie: express:sess.sig=tdt42nQZiQvICqmrvHQ1_16fHk0; path=/; httponly
date: Sat, 19 Jul 2025 13:15:53 GMT
connection: keep-alive
keep-alive: timeout=5
transfer-encoding: chunked

{
    "success": true,
    "status": 201,
    "message": "User account created successfully",
    "data": {
        "id": "687b9a899d1b4b028865d741",
        "name": "ralph.hudson",
        "email": "royal.schumm@hotmail.com"
    }
}
Request URI:	https://practice.expandtesting.com/notes/api/users/login
Request URI:	https://practice.expandtesting.com/notes/api/users/login
Request URI:	https://practice.expandtesting.com/notes/api/users/login
Request URI:	https://practice.expandtesting.com/notes/api/users/login
Request URI:	https://practice.expandtesting.com/notes/api/users/login
Request URI:	https://practice.expandtesting.com/notes/api/users/login
Request URI:	https://practice.expandtesting.com/notes/api/users/login
Request URI:	https://practice.expandtesting.com/notes/api/users/login
Request URI:	https://practice.expandtesting.com/notes/api/users/login
Request URI:	https://practice.expandtesting.com/notes/api/users/login
Request URI:	https://practice.expandtesting.com/notes/api/users/login
Request URI:	https://practice.expandtesting.com/notes/api/users/login
Request URI:	https://practice.expandtesting.com/notes/api/users/login
Request URI:	https://practice.expandtesting.com/notes/api/users/login
Request URI:	https://practice.expandtesting.com/notes/api/users/login
Request URI:	https://practice.expandtesting.com/notes/api/users/login
Request URI:	https://practice.expandtesting.com/notes/api/users/login
Request URI:	https://practice.expandtesting.com/notes/api/users/login
Request URI:	https://practice.expandtesting.com/notes/api/users/login
Request URI:	https://practice.expandtesting.com/notes/api/users/login
Request URI:	https://practice.expandtesting.com/notes/api/users/login
Request URI:	https://practice.expandtesting.com/notes/api/users/login
HTTP/1.1 200 OK
access-control-allow-origin: *
access-control-allow-credentials: true
access-control-allow-methods: GET, POST, PUT, DELETE, PATCH
access-control-allow-headers: Origin, X-Requested-With, Authorization, Content-Type, Accept, X-Auth-Token
content-type: application/json; charset=utf-8
content-encoding: gzip
etag: W/"e7-/oNa8bmno8UTNeUoEChKAaixuaY"
set-cookie: express:sess=eyJmbGFzaCI6e319; path=/; httponly
set-cookie: express:sess.sig=tdt42nQZiQvICqmrvHQ1_16fHk0; path=/; httponly
date: Sat, 19 Jul 2025 13:15:54 GMT
connection: keep-alive
keep-alive: timeout=5
transfer-encoding: chunked

{
    "success": true,
    "status": 200,
    "message": "Login successful",
    "data": {
        "id": "687b9a899d1b4b028865d741",
        "name": "ralph.hudson",
        "email": "royal.schumm@hotmail.com",
        "token": "8d65b74f1e114438a115ca96f0e2ee139a9aad6e571241c9982b5fa114864179"
    }
}
Request URI:	https://practice.expandtesting.com/notes/api/users/forgot-password
Request URI:	https://practice.expandtesting.com/notes/api/users/forgot-password
Request URI:	https://practice.expandtesting.com/notes/api/users/forgot-password
Request URI:	https://practice.expandtesting.com/notes/api/users/forgot-password
Request URI:	https://practice.expandtesting.com/notes/api/users/forgot-password
Request URI:	https://practice.expandtesting.com/notes/api/users/forgot-password
Request URI:	https://practice.expandtesting.com/notes/api/users/forgot-password
Request URI:	https://practice.expandtesting.com/notes/api/users/forgot-password
Request URI:	https://practice.expandtesting.com/notes/api/users/forgot-password
Request URI:	https://practice.expandtesting.com/notes/api/users/forgot-password
Request URI:	https://practice.expandtesting.com/notes/api/users/forgot-password
Request URI:	https://practice.expandtesting.com/notes/api/users/forgot-password
Request URI:	https://practice.expandtesting.com/notes/api/users/forgot-password
Request URI:	https://practice.expandtesting.com/notes/api/users/forgot-password
Request URI:	https://practice.expandtesting.com/notes/api/users/forgot-password
Request URI:	https://practice.expandtesting.com/notes/api/users/forgot-password
Request URI:	https://practice.expandtesting.com/notes/api/users/forgot-password
Request URI:	https://practice.expandtesting.com/notes/api/users/forgot-password
Request URI:	https://practice.expandtesting.com/notes/api/users/forgot-password
Request URI:	https://practice.expandtesting.com/notes/api/users/forgot-password
Request URI:	https://practice.expandtesting.com/notes/api/users/forgot-password
Request URI:	https://practice.expandtesting.com/notes/api/users/forgot-password
Request method:	POST
Request URI:	https://practice.expandtesting.com/notes/api/users/forgot-password
Proxy:			<none>
Request params:	<none>
Query params:	<none>
Form params:	email=sergej.ocheretko1@gmail.com
Path params:	<none>
Headers:		Accept=application/json, application/javascript, text/javascript, text/json
				Content-Type=application/x-www-form-urlencoded; charset=UTF-8
Cookies:		<none>
Multiparts:		<none>
Body:			<none>
HTTP/1.1 200 OK
access-control-allow-origin: *
access-control-allow-credentials: true
access-control-allow-methods: GET, POST, PUT, DELETE, PATCH
access-control-allow-headers: Origin, X-Requested-With, Authorization, Content-Type, Accept, X-Auth-Token
content-type: application/json; charset=utf-8
content-encoding: gzip
etag: W/"9b-cA1HaMhP3nj2SjqeG5PfB3ZLVCU"
set-cookie: express:sess=eyJmbGFzaCI6e319; path=/; httponly
set-cookie: express:sess.sig=tdt42nQZiQvICqmrvHQ1_16fHk0; path=/; httponly
date: Sat, 19 Jul 2025 13:15:54 GMT
connection: keep-alive
keep-alive: timeout=5
transfer-encoding: chunked

{
    "success": true,
    "status": 200,
    "message": "Password reset link successfully sent to sergej.ocheretko1@gmail.com. Please verify by clicking on the given link"
}
Request URI:	https://practice.expandtesting.com/notes/api/users/register
Request URI:	https://practice.expandtesting.com/notes/api/users/register
Request URI:	https://practice.expandtesting.com/notes/api/users/register
Request URI:	https://practice.expandtesting.com/notes/api/users/register
Request URI:	https://practice.expandtesting.com/notes/api/users/register
Request URI:	https://practice.expandtesting.com/notes/api/users/register
Request URI:	https://practice.expandtesting.com/notes/api/users/register
Request URI:	https://practice.expandtesting.com/notes/api/users/register
Request URI:	https://practice.expandtesting.com/notes/api/users/register
Request URI:	https://practice.expandtesting.com/notes/api/users/register
Request URI:	https://practice.expandtesting.com/notes/api/users/register
Request URI:	https://practice.expandtesting.com/notes/api/users/register
Request URI:	https://practice.expandtesting.com/notes/api/users/register
Request URI:	https://practice.expandtesting.com/notes/api/users/register
Request URI:	https://practice.expandtesting.com/notes/api/users/register
Request URI:	https://practice.expandtesting.com/notes/api/users/register
Request URI:	https://practice.expandtesting.com/notes/api/users/register
Request URI:	https://practice.expandtesting.com/notes/api/users/register
Request URI:	https://practice.expandtesting.com/notes/api/users/register
Request URI:	https://practice.expandtesting.com/notes/api/users/register
Request URI:	https://practice.expandtesting.com/notes/api/users/register
Request URI:	https://practice.expandtesting.com/notes/api/users/register
Request URI:	https://practice.expandtesting.com/notes/api/users/register
HTTP/1.1 201 Created
access-control-allow-origin: *
access-control-allow-credentials: true
access-control-allow-methods: GET, POST, PUT, DELETE, PATCH
access-control-allow-headers: Origin, X-Requested-With, Authorization, Content-Type, Accept, X-Auth-Token
content-type: application/json; charset=utf-8
content-encoding: gzip
etag: W/"ad-u+BFdKzQM/Qp9dxp3ssN9doUdHY"
set-cookie: express:sess=eyJmbGFzaCI6e319; path=/; httponly
set-cookie: express:sess.sig=tdt42nQZiQvICqmrvHQ1_16fHk0; path=/; httponly
date: Sat, 19 Jul 2025 13:15:55 GMT
connection: keep-alive
keep-alive: timeout=5
transfer-encoding: chunked

{
    "success": true,
    "status": 201,
    "message": "User account created successfully",
    "data": {
        "id": "687b9a8b9d1b4b028865d74c",
        "name": "bret.schmeler",
        "email": "logan.moore@hotmail.com"
    }
}
Request URI:	https://practice.expandtesting.com/notes/api/users/login
Request URI:	https://practice.expandtesting.com/notes/api/users/login
Request URI:	https://practice.expandtesting.com/notes/api/users/login
Request URI:	https://practice.expandtesting.com/notes/api/users/login
Request URI:	https://practice.expandtesting.com/notes/api/users/login
Request URI:	https://practice.expandtesting.com/notes/api/users/login
Request URI:	https://practice.expandtesting.com/notes/api/users/login
Request URI:	https://practice.expandtesting.com/notes/api/users/login
Request URI:	https://practice.expandtesting.com/notes/api/users/login
Request URI:	https://practice.expandtesting.com/notes/api/users/login
Request URI:	https://practice.expandtesting.com/notes/api/users/login
Request URI:	https://practice.expandtesting.com/notes/api/users/login
Request URI:	https://practice.expandtesting.com/notes/api/users/login
Request URI:	https://practice.expandtesting.com/notes/api/users/login
Request URI:	https://practice.expandtesting.com/notes/api/users/login
Request URI:	https://practice.expandtesting.com/notes/api/users/login
Request URI:	https://practice.expandtesting.com/notes/api/users/login
Request URI:	https://practice.expandtesting.com/notes/api/users/login
Request URI:	https://practice.expandtesting.com/notes/api/users/login
Request URI:	https://practice.expandtesting.com/notes/api/users/login
Request URI:	https://practice.expandtesting.com/notes/api/users/login
Request URI:	https://practice.expandtesting.com/notes/api/users/login
Request URI:	https://practice.expandtesting.com/notes/api/users/login
HTTP/1.1 200 OK
access-control-allow-origin: *
access-control-allow-credentials: true
access-control-allow-methods: GET, POST, PUT, DELETE, PATCH
access-control-allow-headers: Origin, X-Requested-With, Authorization, Content-Type, Accept, X-Auth-Token
content-type: application/json; charset=utf-8
content-encoding: gzip
etag: W/"e7-PNvQx/yaQw7xTegyCz2hrPon+Yg"
set-cookie: express:sess=eyJmbGFzaCI6e319; path=/; httponly
set-cookie: express:sess.sig=tdt42nQZiQvICqmrvHQ1_16fHk0; path=/; httponly
date: Sat, 19 Jul 2025 13:15:55 GMT
connection: keep-alive
keep-alive: timeout=5
transfer-encoding: chunked

{
    "success": true,
    "status": 200,
    "message": "Login successful",
    "data": {
        "id": "687b9a8b9d1b4b028865d74c",
        "name": "bret.schmeler",
        "email": "logan.moore@hotmail.com",
        "token": "c835fdcb658948faa303333da375286781118a61f33346339e9715aa8474000b"
    }
}
Request URI:	https://practice.expandtesting.com/notes/api/users/change-password
Request URI:	https://practice.expandtesting.com/notes/api/users/change-password
Request URI:	https://practice.expandtesting.com/notes/api/users/change-password
Request URI:	https://practice.expandtesting.com/notes/api/users/change-password
Request URI:	https://practice.expandtesting.com/notes/api/users/change-password
Request URI:	https://practice.expandtesting.com/notes/api/users/change-password
Request URI:	https://practice.expandtesting.com/notes/api/users/change-password
Request URI:	https://practice.expandtesting.com/notes/api/users/change-password
Request URI:	https://practice.expandtesting.com/notes/api/users/change-password
Request URI:	https://practice.expandtesting.com/notes/api/users/change-password
Request URI:	https://practice.expandtesting.com/notes/api/users/change-password
Request URI:	https://practice.expandtesting.com/notes/api/users/change-password
Request URI:	https://practice.expandtesting.com/notes/api/users/change-password
Request URI:	https://practice.expandtesting.com/notes/api/users/change-password
Request URI:	https://practice.expandtesting.com/notes/api/users/change-password
Request URI:	https://practice.expandtesting.com/notes/api/users/change-password
Request URI:	https://practice.expandtesting.com/notes/api/users/change-password
Request URI:	https://practice.expandtesting.com/notes/api/users/change-password
Request URI:	https://practice.expandtesting.com/notes/api/users/change-password
Request URI:	https://practice.expandtesting.com/notes/api/users/change-password
Request URI:	https://practice.expandtesting.com/notes/api/users/change-password
Request URI:	https://practice.expandtesting.com/notes/api/users/change-password
Request URI:	https://practice.expandtesting.com/notes/api/users/change-password
Request method:	POST
Request URI:	https://practice.expandtesting.com/notes/api/users/change-password
Proxy:			<none>
Request params:	<none>
Query params:	<none>
Form params:	<none>
Path params:	<none>
Headers:		X-Auth-Token=c835fdcb658948faa303333da375286781118a61f33346339e9715aa8474000b
				Accept=application/json, application/javascript, text/javascript, text/json
				Content-Type=application/json
Cookies:		<none>
Multiparts:		<none>
Body:
{
    "currentPassword": "3c0tptsm",
    "newPassword": "b&##IO@H$MTG3"
}
HTTP/1.1 200 OK
access-control-allow-origin: *
access-control-allow-credentials: true
access-control-allow-methods: GET, POST, PUT, DELETE, PATCH
access-control-allow-headers: Origin, X-Requested-With, Authorization, Content-Type, Accept, X-Auth-Token
content-type: application/json; charset=utf-8
content-encoding: gzip
etag: W/"4f-ava50LOZV9GrNX1jv2XMGsJdMdg"
set-cookie: express:sess=eyJmbGFzaCI6e319; path=/; httponly
set-cookie: express:sess.sig=tdt42nQZiQvICqmrvHQ1_16fHk0; path=/; httponly
date: Sat, 19 Jul 2025 13:15:56 GMT
connection: keep-alive
keep-alive: timeout=5
transfer-encoding: chunked

{
    "success": true,
    "status": 200,
    "message": "The password was successfully updated"
}
]]>&#x1f510;<![CDATA[ Пароль успешно обновлён: b&##IO@H$MTG3
Request URI:	https://practice.expandtesting.com/notes/api/users/register
Request URI:	https://practice.expandtesting.com/notes/api/users/register
Request URI:	https://practice.expandtesting.com/notes/api/users/register
Request URI:	https://practice.expandtesting.com/notes/api/users/register
Request URI:	https://practice.expandtesting.com/notes/api/users/register
Request URI:	https://practice.expandtesting.com/notes/api/users/register
Request URI:	https://practice.expandtesting.com/notes/api/users/register
Request URI:	https://practice.expandtesting.com/notes/api/users/register
Request URI:	https://practice.expandtesting.com/notes/api/users/register
Request URI:	https://practice.expandtesting.com/notes/api/users/register
Request URI:	https://practice.expandtesting.com/notes/api/users/register
Request URI:	https://practice.expandtesting.com/notes/api/users/register
Request URI:	https://practice.expandtesting.com/notes/api/users/register
Request URI:	https://practice.expandtesting.com/notes/api/users/register
Request URI:	https://practice.expandtesting.com/notes/api/users/register
Request URI:	https://practice.expandtesting.com/notes/api/users/register
Request URI:	https://practice.expandtesting.com/notes/api/users/register
Request URI:	https://practice.expandtesting.com/notes/api/users/register
Request URI:	https://practice.expandtesting.com/notes/api/users/register
Request URI:	https://practice.expandtesting.com/notes/api/users/register
Request URI:	https://practice.expandtesting.com/notes/api/users/register
Request URI:	https://practice.expandtesting.com/notes/api/users/register
Request URI:	https://practice.expandtesting.com/notes/api/users/register
Request URI:	https://practice.expandtesting.com/notes/api/users/register
HTTP/1.1 201 Created
access-control-allow-origin: *
access-control-allow-credentials: true
access-control-allow-methods: GET, POST, PUT, DELETE, PATCH
access-control-allow-headers: Origin, X-Requested-With, Authorization, Content-Type, Accept, X-Auth-Token
content-type: application/json; charset=utf-8
content-encoding: gzip
etag: W/"ae-L79fbPKbNKF9GbemWbyEFaDTV2I"
set-cookie: express:sess=eyJmbGFzaCI6e319; path=/; httponly
set-cookie: express:sess.sig=tdt42nQZiQvICqmrvHQ1_16fHk0; path=/; httponly
date: Sat, 19 Jul 2025 13:15:57 GMT
connection: keep-alive
keep-alive: timeout=5
transfer-encoding: chunked

{
    "success": true,
    "status": 201,
    "message": "User account created successfully",
    "data": {
        "id": "687b9a8d9d1b4b028865d756",
        "name": "eugene.cassin",
        "email": "josephine.feil@yahoo.com"
    }
}
Request URI:	https://practice.expandtesting.com/notes/api/users/login
Request URI:	https://practice.expandtesting.com/notes/api/users/login
Request URI:	https://practice.expandtesting.com/notes/api/users/login
Request URI:	https://practice.expandtesting.com/notes/api/users/login
Request URI:	https://practice.expandtesting.com/notes/api/users/login
Request URI:	https://practice.expandtesting.com/notes/api/users/login
Request URI:	https://practice.expandtesting.com/notes/api/users/login
Request URI:	https://practice.expandtesting.com/notes/api/users/login
Request URI:	https://practice.expandtesting.com/notes/api/users/login
Request URI:	https://practice.expandtesting.com/notes/api/users/login
Request URI:	https://practice.expandtesting.com/notes/api/users/login
Request URI:	https://practice.expandtesting.com/notes/api/users/login
Request URI:	https://practice.expandtesting.com/notes/api/users/login
Request URI:	https://practice.expandtesting.com/notes/api/users/login
Request URI:	https://practice.expandtesting.com/notes/api/users/login
Request URI:	https://practice.expandtesting.com/notes/api/users/login
Request URI:	https://practice.expandtesting.com/notes/api/users/login
Request URI:	https://practice.expandtesting.com/notes/api/users/login
Request URI:	https://practice.expandtesting.com/notes/api/users/login
Request URI:	https://practice.expandtesting.com/notes/api/users/login
Request URI:	https://practice.expandtesting.com/notes/api/users/login
Request URI:	https://practice.expandtesting.com/notes/api/users/login
Request URI:	https://practice.expandtesting.com/notes/api/users/login
Request URI:	https://practice.expandtesting.com/notes/api/users/login
HTTP/1.1 200 OK
access-control-allow-origin: *
access-control-allow-credentials: true
access-control-allow-methods: GET, POST, PUT, DELETE, PATCH
access-control-allow-headers: Origin, X-Requested-With, Authorization, Content-Type, Accept, X-Auth-Token
content-type: application/json; charset=utf-8
content-encoding: gzip
etag: W/"e8-ZFQ72hjsYmsye8F7ciMkLiO3nMQ"
set-cookie: express:sess=eyJmbGFzaCI6e319; path=/; httponly
set-cookie: express:sess.sig=tdt42nQZiQvICqmrvHQ1_16fHk0; path=/; httponly
date: Sat, 19 Jul 2025 13:15:57 GMT
connection: keep-alive
keep-alive: timeout=5
transfer-encoding: chunked

{
    "success": true,
    "status": 200,
    "message": "Login successful",
    "data": {
        "id": "687b9a8d9d1b4b028865d756",
        "name": "eugene.cassin",
        "email": "josephine.feil@yahoo.com",
        "token": "8d904a5af1bd4c7998e7590704054415acc013360d0c4b969399432fad6e2e73"
    }
}
Request URI:	https://practice.expandtesting.com/notes/api/users/logout
Request URI:	https://practice.expandtesting.com/notes/api/users/logout
Request URI:	https://practice.expandtesting.com/notes/api/users/logout
Request URI:	https://practice.expandtesting.com/notes/api/users/logout
Request URI:	https://practice.expandtesting.com/notes/api/users/logout
Request URI:	https://practice.expandtesting.com/notes/api/users/logout
Request URI:	https://practice.expandtesting.com/notes/api/users/logout
Request URI:	https://practice.expandtesting.com/notes/api/users/logout
Request URI:	https://practice.expandtesting.com/notes/api/users/logout
Request URI:	https://practice.expandtesting.com/notes/api/users/logout
Request URI:	https://practice.expandtesting.com/notes/api/users/logout
Request URI:	https://practice.expandtesting.com/notes/api/users/logout
Request URI:	https://practice.expandtesting.com/notes/api/users/logout
Request URI:	https://practice.expandtesting.com/notes/api/users/logout
Request URI:	https://practice.expandtesting.com/notes/api/users/logout
Request URI:	https://practice.expandtesting.com/notes/api/users/logout
Request URI:	https://practice.expandtesting.com/notes/api/users/logout
Request URI:	https://practice.expandtesting.com/notes/api/users/logout
Request URI:	https://practice.expandtesting.com/notes/api/users/logout
Request URI:	https://practice.expandtesting.com/notes/api/users/logout
Request URI:	https://practice.expandtesting.com/notes/api/users/logout
Request URI:	https://practice.expandtesting.com/notes/api/users/logout
Request URI:	https://practice.expandtesting.com/notes/api/users/logout
Request URI:	https://practice.expandtesting.com/notes/api/users/logout
Request method:	DELETE
Request URI:	https://practice.expandtesting.com/notes/api/users/logout
Proxy:			<none>
Request params:	<none>
Query params:	<none>
Form params:	<none>
Path params:	<none>
Headers:		X-Auth-Token=8d904a5af1bd4c7998e7590704054415acc013360d0c4b969399432fad6e2e73
				Accept=application/json, application/javascript, text/javascript, text/json
				Content-Type=application/json
Cookies:		<none>
Multiparts:		<none>
Body:			<none>
HTTP/1.1 200 OK
access-control-allow-origin: *
access-control-allow-credentials: true
access-control-allow-methods: GET, POST, PUT, DELETE, PATCH
access-control-allow-headers: Origin, X-Requested-With, Authorization, Content-Type, Accept, X-Auth-Token
content-type: application/json; charset=utf-8
content-encoding: gzip
etag: W/"4f-7fu1YLvqWAlBLt3rT+vlZvUfugw"
set-cookie: express:sess=eyJmbGFzaCI6e319; path=/; httponly
set-cookie: express:sess.sig=tdt42nQZiQvICqmrvHQ1_16fHk0; path=/; httponly
date: Sat, 19 Jul 2025 13:15:58 GMT
connection: keep-alive
keep-alive: timeout=5
transfer-encoding: chunked

{
    "success": true,
    "status": 200,
    "message": "User has been successfully logged out"
}
Request URI:	https://practice.expandtesting.com/notes/api/users/register
Request URI:	https://practice.expandtesting.com/notes/api/users/register
Request URI:	https://practice.expandtesting.com/notes/api/users/register
Request URI:	https://practice.expandtesting.com/notes/api/users/register
Request URI:	https://practice.expandtesting.com/notes/api/users/register
Request URI:	https://practice.expandtesting.com/notes/api/users/register
Request URI:	https://practice.expandtesting.com/notes/api/users/register
Request URI:	https://practice.expandtesting.com/notes/api/users/register
Request URI:	https://practice.expandtesting.com/notes/api/users/register
Request URI:	https://practice.expandtesting.com/notes/api/users/register
Request URI:	https://practice.expandtesting.com/notes/api/users/register
Request URI:	https://practice.expandtesting.com/notes/api/users/register
Request URI:	https://practice.expandtesting.com/notes/api/users/register
Request URI:	https://practice.expandtesting.com/notes/api/users/register
Request URI:	https://practice.expandtesting.com/notes/api/users/register
Request URI:	https://practice.expandtesting.com/notes/api/users/register
Request URI:	https://practice.expandtesting.com/notes/api/users/register
Request URI:	https://practice.expandtesting.com/notes/api/users/register
Request URI:	https://practice.expandtesting.com/notes/api/users/register
Request URI:	https://practice.expandtesting.com/notes/api/users/register
Request URI:	https://practice.expandtesting.com/notes/api/users/register
Request URI:	https://practice.expandtesting.com/notes/api/users/register
Request URI:	https://practice.expandtesting.com/notes/api/users/register
Request URI:	https://practice.expandtesting.com/notes/api/users/register
Request URI:	https://practice.expandtesting.com/notes/api/users/register
HTTP/1.1 201 Created
access-control-allow-origin: *
access-control-allow-credentials: true
access-control-allow-methods: GET, POST, PUT, DELETE, PATCH
access-control-allow-headers: Origin, X-Requested-With, Authorization, Content-Type, Accept, X-Auth-Token
content-type: application/json; charset=utf-8
content-encoding: gzip
etag: W/"b3-MJpe1SgJPYmYFKF0O15ZOLdRcxs"
set-cookie: express:sess=eyJmbGFzaCI6e319; path=/; httponly
set-cookie: express:sess.sig=tdt42nQZiQvICqmrvHQ1_16fHk0; path=/; httponly
date: Sat, 19 Jul 2025 13:15:58 GMT
connection: keep-alive
keep-alive: timeout=5
transfer-encoding: chunked

{
    "success": true,
    "status": 201,
    "message": "User account created successfully",
    "data": {
        "id": "687b9a8e9d1b4b028865d760",
        "name": "jerome.hettinger",
        "email": "harvey.kovacek@hotmail.com"
    }
}
Request URI:	https://practice.expandtesting.com/notes/api/users/login
Request URI:	https://practice.expandtesting.com/notes/api/users/login
Request URI:	https://practice.expandtesting.com/notes/api/users/login
Request URI:	https://practice.expandtesting.com/notes/api/users/login
Request URI:	https://practice.expandtesting.com/notes/api/users/login
Request URI:	https://practice.expandtesting.com/notes/api/users/login
Request URI:	https://practice.expandtesting.com/notes/api/users/login
Request URI:	https://practice.expandtesting.com/notes/api/users/login
Request URI:	https://practice.expandtesting.com/notes/api/users/login
Request URI:	https://practice.expandtesting.com/notes/api/users/login
Request URI:	https://practice.expandtesting.com/notes/api/users/login
Request URI:	https://practice.expandtesting.com/notes/api/users/login
Request URI:	https://practice.expandtesting.com/notes/api/users/login
Request URI:	https://practice.expandtesting.com/notes/api/users/login
Request URI:	https://practice.expandtesting.com/notes/api/users/login
Request URI:	https://practice.expandtesting.com/notes/api/users/login
Request URI:	https://practice.expandtesting.com/notes/api/users/login
Request URI:	https://practice.expandtesting.com/notes/api/users/login
Request URI:	https://practice.expandtesting.com/notes/api/users/login
Request URI:	https://practice.expandtesting.com/notes/api/users/login
Request URI:	https://practice.expandtesting.com/notes/api/users/login
Request URI:	https://practice.expandtesting.com/notes/api/users/login
Request URI:	https://practice.expandtesting.com/notes/api/users/login
Request URI:	https://practice.expandtesting.com/notes/api/users/login
Request URI:	https://practice.expandtesting.com/notes/api/users/login
HTTP/1.1 200 OK
access-control-allow-origin: *
access-control-allow-credentials: true
access-control-allow-methods: GET, POST, PUT, DELETE, PATCH
access-control-allow-headers: Origin, X-Requested-With, Authorization, Content-Type, Accept, X-Auth-Token
content-type: application/json; charset=utf-8
content-encoding: gzip
etag: W/"ed-L36XnUhDCTgoOmbUo32AjCz3GvE"
set-cookie: express:sess=eyJmbGFzaCI6e319; path=/; httponly
set-cookie: express:sess.sig=tdt42nQZiQvICqmrvHQ1_16fHk0; path=/; httponly
date: Sat, 19 Jul 2025 13:15:59 GMT
connection: keep-alive
keep-alive: timeout=5
transfer-encoding: chunked

{
    "success": true,
    "status": 200,
    "message": "Login successful",
    "data": {
        "id": "687b9a8e9d1b4b028865d760",
        "name": "jerome.hettinger",
        "email": "harvey.kovacek@hotmail.com",
        "token": "1c47ea59ac1745149ba0a2c2322abf5966447832733a415cacaf9a633931fec2"
    }
}
Request URI:	https://practice.expandtesting.com/notes/api/users/delete-account
Request URI:	https://practice.expandtesting.com/notes/api/users/delete-account
Request URI:	https://practice.expandtesting.com/notes/api/users/delete-account
Request URI:	https://practice.expandtesting.com/notes/api/users/delete-account
Request URI:	https://practice.expandtesting.com/notes/api/users/delete-account
Request URI:	https://practice.expandtesting.com/notes/api/users/delete-account
Request URI:	https://practice.expandtesting.com/notes/api/users/delete-account
Request URI:	https://practice.expandtesting.com/notes/api/users/delete-account
Request URI:	https://practice.expandtesting.com/notes/api/users/delete-account
Request URI:	https://practice.expandtesting.com/notes/api/users/delete-account
Request URI:	https://practice.expandtesting.com/notes/api/users/delete-account
Request URI:	https://practice.expandtesting.com/notes/api/users/delete-account
Request URI:	https://practice.expandtesting.com/notes/api/users/delete-account
Request URI:	https://practice.expandtesting.com/notes/api/users/delete-account
Request URI:	https://practice.expandtesting.com/notes/api/users/delete-account
Request URI:	https://practice.expandtesting.com/notes/api/users/delete-account
Request URI:	https://practice.expandtesting.com/notes/api/users/delete-account
Request URI:	https://practice.expandtesting.com/notes/api/users/delete-account
Request URI:	https://practice.expandtesting.com/notes/api/users/delete-account
Request URI:	https://practice.expandtesting.com/notes/api/users/delete-account
Request URI:	https://practice.expandtesting.com/notes/api/users/delete-account
Request URI:	https://practice.expandtesting.com/notes/api/users/delete-account
Request URI:	https://practice.expandtesting.com/notes/api/users/delete-account
Request URI:	https://practice.expandtesting.com/notes/api/users/delete-account
Request URI:	https://practice.expandtesting.com/notes/api/users/delete-account
Request method:	DELETE
Request URI:	https://practice.expandtesting.com/notes/api/users/delete-account
Proxy:			<none>
Request params:	<none>
Query params:	<none>
Form params:	<none>
Path params:	<none>
Headers:		X-Auth-Token=1c47ea59ac1745149ba0a2c2322abf5966447832733a415cacaf9a633931fec2
				Accept=application/json, application/javascript, text/javascript, text/json
				Content-Type=application/json
Cookies:		<none>
Multiparts:		<none>
Body:			<none>
HTTP/1.1 200 OK
access-control-allow-origin: *
access-control-allow-credentials: true
access-control-allow-methods: GET, POST, PUT, DELETE, PATCH
access-control-allow-headers: Origin, X-Requested-With, Authorization, Content-Type, Accept, X-Auth-Token
content-type: application/json; charset=utf-8
content-encoding: gzip
etag: W/"46-xvIiFl/4e/p/xA8LA+FZxbRy7yU"
set-cookie: express:sess=eyJmbGFzaCI6e319; path=/; httponly
set-cookie: express:sess.sig=tdt42nQZiQvICqmrvHQ1_16fHk0; path=/; httponly
date: Sat, 19 Jul 2025 13:15:59 GMT
connection: keep-alive
keep-alive: timeout=5
transfer-encoding: chunked

{
    "success": true,
    "status": 200,
    "message": "Account successfully deleted"
}
Request URI:	https://practice.expandtesting.com/notes/api/users/register
Request URI:	https://practice.expandtesting.com/notes/api/users/register
Request URI:	https://practice.expandtesting.com/notes/api/users/register
Request URI:	https://practice.expandtesting.com/notes/api/users/register
Request URI:	https://practice.expandtesting.com/notes/api/users/register
Request URI:	https://practice.expandtesting.com/notes/api/users/register
Request URI:	https://practice.expandtesting.com/notes/api/users/register
Request URI:	https://practice.expandtesting.com/notes/api/users/register
Request URI:	https://practice.expandtesting.com/notes/api/users/register
Request URI:	https://practice.expandtesting.com/notes/api/users/register
Request URI:	https://practice.expandtesting.com/notes/api/users/register
Request URI:	https://practice.expandtesting.com/notes/api/users/register
Request URI:	https://practice.expandtesting.com/notes/api/users/register
Request URI:	https://practice.expandtesting.com/notes/api/users/register
Request URI:	https://practice.expandtesting.com/notes/api/users/register
Request URI:	https://practice.expandtesting.com/notes/api/users/register
Request URI:	https://practice.expandtesting.com/notes/api/users/register
Request URI:	https://practice.expandtesting.com/notes/api/users/register
Request URI:	https://practice.expandtesting.com/notes/api/users/register
Request URI:	https://practice.expandtesting.com/notes/api/users/register
Request URI:	https://practice.expandtesting.com/notes/api/users/register
Request URI:	https://practice.expandtesting.com/notes/api/users/register
Request URI:	https://practice.expandtesting.com/notes/api/users/register
Request URI:	https://practice.expandtesting.com/notes/api/users/register
Request URI:	https://practice.expandtesting.com/notes/api/users/register
Request URI:	https://practice.expandtesting.com/notes/api/users/register
HTTP/1.1 201 Created
access-control-allow-origin: *
access-control-allow-credentials: true
access-control-allow-methods: GET, POST, PUT, DELETE, PATCH
access-control-allow-headers: Origin, X-Requested-With, Authorization, Content-Type, Accept, X-Auth-Token
content-type: application/json; charset=utf-8
content-encoding: gzip
etag: W/"ab-SUUKXMGj7BVw5+PGXusfi1Ru9j8"
set-cookie: express:sess=eyJmbGFzaCI6e319; path=/; httponly
set-cookie: express:sess.sig=tdt42nQZiQvICqmrvHQ1_16fHk0; path=/; httponly
date: Sat, 19 Jul 2025 13:16:00 GMT
connection: keep-alive
keep-alive: timeout=5
transfer-encoding: chunked

{
    "success": true,
    "status": 201,
    "message": "User account created successfully",
    "data": {
        "id": "687b9a909d1b4b028865d76c",
        "name": "buster.weimann",
        "email": "etta.braun@yahoo.com"
    }
}
Request URI:	https://practice.expandtesting.com/notes/api/users/login
Request URI:	https://practice.expandtesting.com/notes/api/users/login
Request URI:	https://practice.expandtesting.com/notes/api/users/login
Request URI:	https://practice.expandtesting.com/notes/api/users/login
Request URI:	https://practice.expandtesting.com/notes/api/users/login
Request URI:	https://practice.expandtesting.com/notes/api/users/login
Request URI:	https://practice.expandtesting.com/notes/api/users/login
Request URI:	https://practice.expandtesting.com/notes/api/users/login
Request URI:	https://practice.expandtesting.com/notes/api/users/login
Request URI:	https://practice.expandtesting.com/notes/api/users/login
Request URI:	https://practice.expandtesting.com/notes/api/users/login
Request URI:	https://practice.expandtesting.com/notes/api/users/login
Request URI:	https://practice.expandtesting.com/notes/api/users/login
Request URI:	https://practice.expandtesting.com/notes/api/users/login
Request URI:	https://practice.expandtesting.com/notes/api/users/login
Request URI:	https://practice.expandtesting.com/notes/api/users/login
Request URI:	https://practice.expandtesting.com/notes/api/users/login
Request URI:	https://practice.expandtesting.com/notes/api/users/login
Request URI:	https://practice.expandtesting.com/notes/api/users/login
Request URI:	https://practice.expandtesting.com/notes/api/users/login
Request URI:	https://practice.expandtesting.com/notes/api/users/login
Request URI:	https://practice.expandtesting.com/notes/api/users/login
Request URI:	https://practice.expandtesting.com/notes/api/users/login
Request URI:	https://practice.expandtesting.com/notes/api/users/login
Request URI:	https://practice.expandtesting.com/notes/api/users/login
Request URI:	https://practice.expandtesting.com/notes/api/users/login
HTTP/1.1 200 OK
access-control-allow-origin: *
access-control-allow-credentials: true
access-control-allow-methods: GET, POST, PUT, DELETE, PATCH
access-control-allow-headers: Origin, X-Requested-With, Authorization, Content-Type, Accept, X-Auth-Token
content-type: application/json; charset=utf-8
content-encoding: gzip
etag: W/"e5-rsww4MhJ3uG16baTkTJen3/euVk"
set-cookie: express:sess=eyJmbGFzaCI6e319; path=/; httponly
set-cookie: express:sess.sig=tdt42nQZiQvICqmrvHQ1_16fHk0; path=/; httponly
date: Sat, 19 Jul 2025 13:16:00 GMT
connection: keep-alive
keep-alive: timeout=5
transfer-encoding: chunked

{
    "success": true,
    "status": 200,
    "message": "Login successful",
    "data": {
        "id": "687b9a909d1b4b028865d76c",
        "name": "buster.weimann",
        "email": "etta.braun@yahoo.com",
        "token": "3579b9f537d349349ba4d3ab58421e777396c3a1607945e6bcc098d8b490f633"
    }
}
Request URI:	https://practice.expandtesting.com/notes/api/users/login
Request URI:	https://practice.expandtesting.com/notes/api/users/login
Request URI:	https://practice.expandtesting.com/notes/api/users/login
Request URI:	https://practice.expandtesting.com/notes/api/users/login
Request URI:	https://practice.expandtesting.com/notes/api/users/login
Request URI:	https://practice.expandtesting.com/notes/api/users/login
Request URI:	https://practice.expandtesting.com/notes/api/users/login
Request URI:	https://practice.expandtesting.com/notes/api/users/login
Request URI:	https://practice.expandtesting.com/notes/api/users/login
Request URI:	https://practice.expandtesting.com/notes/api/users/login
Request URI:	https://practice.expandtesting.com/notes/api/users/login
Request URI:	https://practice.expandtesting.com/notes/api/users/login
Request URI:	https://practice.expandtesting.com/notes/api/users/login
Request URI:	https://practice.expandtesting.com/notes/api/users/login
Request URI:	https://practice.expandtesting.com/notes/api/users/login
Request URI:	https://practice.expandtesting.com/notes/api/users/login
Request URI:	https://practice.expandtesting.com/notes/api/users/login
Request URI:	https://practice.expandtesting.com/notes/api/users/login
Request URI:	https://practice.expandtesting.com/notes/api/users/login
Request URI:	https://practice.expandtesting.com/notes/api/users/login
Request URI:	https://practice.expandtesting.com/notes/api/users/login
Request URI:	https://practice.expandtesting.com/notes/api/users/login
Request URI:	https://practice.expandtesting.com/notes/api/users/login
Request URI:	https://practice.expandtesting.com/notes/api/users/login
Request URI:	https://practice.expandtesting.com/notes/api/users/login
Request URI:	https://practice.expandtesting.com/notes/api/users/login
Request method:	POST
Request URI:	https://practice.expandtesting.com/notes/api/users/login
Proxy:			<none>
Request params:	<none>
Query params:	<none>
Form params:	<none>
Path params:	<none>
Headers:		X-Auth-Token=3579b9f537d349349ba4d3ab58421e777396c3a1607945e6bcc098d8b490f633
				Accept=*/*
				Content-Type=application/json
[...]
Request URI:	https://practice.expandtesting.com/notes/api/users/register
Request URI:	https://practice.expandtesting.com/notes/api/users/register
Request URI:	https://practice.expandtesting.com/notes/api/users/register
Request URI:	https://practice.expandtesting.com/notes/api/users/register
Request URI:	https://practice.expandtesting.com/notes/api/users/register
Request URI:	https://practice.expandtesting.com/notes/api/users/register
Request URI:	https://practice.expandtesting.com/notes/api/users/register
Request URI:	https://practice.expandtesting.com/notes/api/users/register
Request URI:	https://practice.expandtesting.com/notes/api/users/register
Request URI:	https://practice.expandtesting.com/notes/api/users/register
Request URI:	https://practice.expandtesting.com/notes/api/users/register
Request URI:	https://practice.expandtesting.com/notes/api/users/register
Request URI:	https://practice.expandtesting.com/notes/api/users/register
Request URI:	https://practice.expandtesting.com/notes/api/users/register
Request URI:	https://practice.expandtesting.com/notes/api/users/register
Request method:	POST
Request URI:	https://practice.expandtesting.com/notes/api/users/register
Proxy:			<none>
Request params:	<none>
Query params:	<none>
Form params:	<none>
Path params:	<none>
Headers:		X-Auth-Token=130b54e0ac6348b089c291a146da7b5660494aad6e724fb5985227f8154dcd15
				Accept=*/*
				Content-Type=application/json
Cookies:		<none>
Multiparts:		<none>
Body:
{
    "email": "juana.ebert@yahoo.com",
    "password": "fre",
    "name": "benjamin.cassin"
}
HTTP/1.1 400 Bad Request
access-control-allow-origin: *
access-control-allow-credentials: true
access-control-allow-methods: GET, POST, PUT, DELETE, PATCH
access-control-allow-headers: Origin, X-Requested-With, Authorization, Content-Type, Accept, X-Auth-Token
content-type: application/json; charset=utf-8
content-encoding: gzip
etag: W/"57-ga9Obemf7qKhR/hJ6piFBY3CIZ0"
set-cookie: express:sess=eyJmbGFzaCI6e319; path=/; httponly
set-cookie: express:sess.sig=tdt42nQZiQvICqmrvHQ1_16fHk0; path=/; httponly
date: Sat, 19 Jul 2025 13:25:39 GMT
connection: keep-alive
keep-alive: timeout=5
transfer-encoding: chunked

{
    "success": false,
    "status": 400,
    "message": "Password must be between 6 and 30 characters"
}
Request URI:	https://practice.expandtesting.com/notes/api/users/register
Request URI:	https://practice.expandtesting.com/notes/api/users/register
Request URI:	https://practice.expandtesting.com/notes/api/users/register
Request URI:	https://practice.expandtesting.com/notes/api/users/register
Request URI:	https://practice.expandtesting.com/notes/api/users/register
Request URI:	https://practice.expandtesting.com/notes/api/users/register
Request URI:	https://practice.expandtesting.com/notes/api/users/register
Request URI:	https://practice.expandtesting.com/notes/api/users/register
Request URI:	https://practice.expandtesting.com/notes/api/users/register
Request URI:	https://practice.expandtesting.com/notes/api/users/register
Request URI:	https://practice.expandtesting.com/notes/api/users/register
Request URI:	https://practice.expandtesting.com/notes/api/users/register
Request URI:	https://practice.expandtesting.com/notes/api/users/register
Request URI:	https://practice.expandtesting.com/notes/api/users/register
Request URI:	https://practice.expandtesting.com/notes/api/users/register
Request URI:	https://practice.expandtesting.com/notes/api/users/register
Request URI:	https://practice.expandtesting.com/notes/api/users/register
Request URI:	https://practice.expandtesting.com/notes/api/users/register
Request URI:	https://practice.expandtesting.com/notes/api/users/register
Request URI:	https://practice.expandtesting.com/notes/api/users/register
Request URI:	https://practice.expandtesting.com/notes/api/users/register
Request URI:	https://practice.expandtesting.com/notes/api/users/register
Request URI:	https://practice.expandtesting.com/notes/api/users/register
Request URI:	https://practice.expandtesting.com/notes/api/users/register
Request URI:	https://practice.expandtesting.com/notes/api/users/register
Request URI:	https://practice.expandtesting.com/notes/api/users/register
Request URI:	https://practice.expandtesting.com/notes/api/users/register
Request URI:	https://practice.expandtesting.com/notes/api/users/register
Request URI:	https://practice.expandtesting.com/notes/api/users/register
Request URI:	https://practice.expandtesting.com/notes/api/users/register
Request URI:	https://practice.expandtesting.com/notes/api/users/register
Request URI:	https://practice.expandtesting.com/notes/api/users/register
Request URI:	https://practice.expandtesting.com/notes/api/users/register
Request URI:	https://practice.expandtesting.com/notes/api/users/register
Request URI:	https://practice.expandtesting.com/notes/api/users/register
Request URI:	https://practice.expandtesting.com/notes/api/users/register
Request URI:	https://practice.expandtesting.com/notes/api/users/register
Request URI:	https://practice.expandtesting.com/notes/api/users/register
Request URI:	https://practice.expandtesting.com/notes/api/users/register
Request URI:	https://practice.expandtesting.com/notes/api/users/register
Request URI:	https://practice.expandtesting.com/notes/api/users/register
Request URI:	https://practice.expandtesting.com/notes/api/users/register
Request URI:	https://practice.expandtesting.com/notes/api/users/register
Request URI:	https://practice.expandtesting.com/notes/api/users/register
Request URI:	https://practice.expandtesting.com/notes/api/users/register
Request URI:	https://practice.expandtesting.com/notes/api/users/register
Request URI:	https://practice.expandtesting.com/notes/api/users/register
Request URI:	https://practice.expandtesting.com/notes/api/users/register
Request URI:	https://practice.expandtesting.com/notes/api/users/register
Request URI:	https://practice.expandtesting.com/notes/api/users/register
Request URI:	https://practice.expandtesting.com/notes/api/users/register
Request URI:	https://practice.expandtesting.com/notes/api/users/register
Request URI:	https://practice.expandtesting.com/notes/api/users/register
Request URI:	https://practice.expandtesting.com/notes/api/users/register
Request URI:	https://practice.expandtesting.com/notes/api/users/register
Request URI:	https://practice.expandtesting.com/notes/api/users/register
Request URI:	https://practice.expandtesting.com/notes/api/users/register
Request URI:	https://practice.expandtesting.com/notes/api/users/register
Request URI:	https://practice.expandtesting.com/notes/api/users/register
Request URI:	https://practice.expandtesting.com/notes/api/users/register
Request URI:	https://practice.expandtesting.com/notes/api/users/register
Request URI:	https://practice.expandtesting.com/notes/api/users/register
Request URI:	https://practice.expandtesting.com/notes/api/users/register
Request URI:	https://practice.expandtesting.com/notes/api/users/register
Request URI:	https://practice.expandtesting.com/notes/api/users/register
Request URI:	https://practice.expandtesting.com/notes/api/users/register
Request URI:	https://practice.expandtesting.com/notes/api/users/register
Request URI:	https://practice.expandtesting.com/notes/api/users/register
HTTP/1.1 201 Created
access-control-allow-origin: *
access-control-allow-credentials: true
access-control-allow-methods: GET, POST, PUT, DELETE, PATCH
access-control-allow-headers: Origin, X-Requested-With, Authorization, Content-Type, Accept, X-Auth-Token
content-type: application/json; charset=utf-8
content-encoding: gzip
etag: W/"ac-TVaAnkHvko+i+tfDaYw+V8azixk"
set-cookie: express:sess=eyJmbGFzaCI6e319; path=/; httponly
set-cookie: express:sess.sig=tdt42nQZiQvICqmrvHQ1_16fHk0; path=/; httponly
date: Sat, 19 Jul 2025 13:25:40 GMT
connection: keep-alive
keep-alive: timeout=5
transfer-encoding: chunked

{
    "success": true,
    "status": 201,
    "message": "User account created successfully",
    "data": {
        "id": "687b9cd49d1b4b028865d926",
        "name": "angel.gerhold",
        "email": "lilian.boehm@yahoo.com"
    }
}
Request URI:	https://practice.expandtesting.com/notes/api/users/login
Request URI:	https://practice.expandtesting.com/notes/api/users/login
Request URI:	https://practice.expandtesting.com/notes/api/users/login
Request URI:	https://practice.expandtesting.com/notes/api/users/login
Request URI:	https://practice.expandtesting.com/notes/api/users/login
Request URI:	https://practice.expandtesting.com/notes/api/users/login
Request URI:	https://practice.expandtesting.com/notes/api/users/login
Request URI:	https://practice.expandtesting.com/notes/api/users/login
Request URI:	https://practice.expandtesting.com/notes/api/users/login
Request URI:	https://practice.expandtesting.com/notes/api/users/login
Request URI:	https://practice.expandtesting.com/notes/api/users/login
Request URI:	https://practice.expandtesting.com/notes/api/users/login
Request URI:	https://practice.expandtesting.com/notes/api/users/login
Request URI:	https://practice.expandtesting.com/notes/api/users/login
Request URI:	https://practice.expandtesting.com/notes/api/users/login
Request URI:	https://practice.expandtesting.com/notes/api/users/login
Request URI:	https://practice.expandtesting.com/notes/api/users/login
Request URI:	https://practice.expandtesting.com/notes/api/users/login
Request URI:	https://practice.expandtesting.com/notes/api/users/login
Request URI:	https://practice.expandtesting.com/notes/api/users/login
Request URI:	https://practice.expandtesting.com/notes/api/users/login
Request URI:	https://practice.expandtesting.com/notes/api/users/login
Request URI:	https://practice.expandtesting.com/notes/api/users/login
Request URI:	https://practice.expandtesting.com/notes/api/users/login
Request URI:	https://practice.expandtesting.com/notes/api/users/login
Request URI:	https://practice.expandtesting.com/notes/api/users/login
Request URI:	https://practice.expandtesting.com/notes/api/users/login
Request URI:	https://practice.expandtesting.com/notes/api/users/login
Request URI:	https://practice.expandtesting.com/notes/api/users/login
Request URI:	https://practice.expandtesting.com/notes/api/users/login
Request URI:	https://practice.expandtesting.com/notes/api/users/login
Request URI:	https://practice.expandtesting.com/notes/api/users/login
Request URI:	https://practice.expandtesting.com/notes/api/users/login
Request URI:	https://practice.expandtesting.com/notes/api/users/login
Request URI:	https://practice.expandtesting.com/notes/api/users/login
Request URI:	https://practice.expandtesting.com/notes/api/users/login
Request URI:	https://practice.expandtesting.com/notes/api/users/login
Request URI:	https://practice.expandtesting.com/notes/api/users/login
Request URI:	https://practice.expandtesting.com/notes/api/users/login
Request URI:	https://practice.expandtesting.com/notes/api/users/login
Request URI:	https://practice.expandtesting.com/notes/api/users/login
Request URI:	https://practice.expandtesting.com/notes/api/users/login
Request URI:	https://practice.expandtesting.com/notes/api/users/login
Request URI:	https://practice.expandtesting.com/notes/api/users/login
Request URI:	https://practice.expandtesting.com/notes/api/users/login
Request URI:	https://practice.expandtesting.com/notes/api/users/login
Request URI:	https://practice.expandtesting.com/notes/api/users/login
Request URI:	https://practice.expandtesting.com/notes/api/users/login
Request URI:	https://practice.expandtesting.com/notes/api/users/login
Request URI:	https://practice.expandtesting.com/notes/api/users/login
Request URI:	https://practice.expandtesting.com/notes/api/users/login
Request URI:	https://practice.expandtesting.com/notes/api/users/login
Request URI:	https://practice.expandtesting.com/notes/api/users/login
Request URI:	https://practice.expandtesting.com/notes/api/users/login
Request URI:	https://practice.expandtesting.com/notes/api/users/login
Request URI:	https://practice.expandtesting.com/notes/api/users/login
Request URI:	https://practice.expandtesting.com/notes/api/users/login
Request URI:	https://practice.expandtesting.com/notes/api/users/login
Request URI:	https://practice.expandtesting.com/notes/api/users/login
Request URI:	https://practice.expandtesting.com/notes/api/users/login
Request URI:	https://practice.expandtesting.com/notes/api/users/login
Request URI:	https://practice.expandtesting.com/notes/api/users/login
Request URI:	https://practice.expandtesting.com/notes/api/users/login
Request URI:	https://practice.expandtesting.com/notes/api/users/login
Request URI:	https://practice.expandtesting.com/notes/api/users/login
Request URI:	https://practice.expandtesting.com/notes/api/users/login
Request URI:	https://practice.expandtesting.com/notes/api/users/login
Request URI:	https://practice.expandtesting.com/notes/api/users/login
HTTP/1.1 200 OK
access-control-allow-origin: *
access-control-allow-credentials: true
access-control-allow-methods: GET, POST, PUT, DELETE, PATCH
access-control-allow-headers: Origin, X-Requested-With, Authorization, Content-Type, Accept, X-Auth-Token
content-type: application/json; charset=utf-8
content-encoding: gzip
etag: W/"e6-B7AsG/ZhiKuNeJ6quQjI10IupZw"
set-cookie: express:sess=eyJmbGFzaCI6e319; path=/; httponly
set-cookie: express:sess.sig=tdt42nQZiQvICqmrvHQ1_16fHk0; path=/; httponly
date: Sat, 19 Jul 2025 13:25:40 GMT
connection: keep-alive
keep-alive: timeout=5
transfer-encoding: chunked

{
    "success": true,
    "status": 200,
    "message": "Login successful",
    "data": {
        "id": "687b9cd49d1b4b028865d926",
        "name": "angel.gerhold",
        "email": "lilian.boehm@yahoo.com",
        "token": "ef01e06cbbe146158fa417631ed5c41a2a0bb1bf7214480d8c8aaa93a036fa62"
    }
}
Request URI:	https://practice.expandtesting.com/notes/api/users/register
Request URI:	https://practice.expandtesting.com/notes/api/users/register
Request URI:	https://practice.expandtesting.com/notes/api/users/register
Request URI:	https://practice.expandtesting.com/notes/api/users/register
Request URI:	https://practice.expandtesting.com/notes/api/users/register
Request URI:	https://practice.expandtesting.com/notes/api/users/register
Request URI:	https://practice.expandtesting.com/notes/api/users/register
Request URI:	https://practice.expandtesting.com/notes/api/users/register
Request URI:	https://practice.expandtesting.com/notes/api/users/register
Request URI:	https://practice.expandtesting.com/notes/api/users/register
Request URI:	https://practice.expandtesting.com/notes/api/users/register
Request URI:	https://practice.expandtesting.com/notes/api/users/register
Request URI:	https://practice.expandtesting.com/notes/api/users/register
Request URI:	https://practice.expandtesting.com/notes/api/users/register
Request URI:	https://practice.expandtesting.com/notes/api/users/register
Request URI:	https://practice.expandtesting.com/notes/api/users/register
Request URI:	https://practice.expandtesting.com/notes/api/users/register
Request URI:	https://practice.expandtesting.com/notes/api/users/register
Request URI:	https://practice.expandtesting.com/notes/api/users/register
Request URI:	https://practice.expandtesting.com/notes/api/users/register
Request URI:	https://practice.expandtesting.com/notes/api/users/register
Request URI:	https://practice.expandtesting.com/notes/api/users/register
Request URI:	https://practice.expandtesting.com/notes/api/users/register
Request URI:	https://practice.expandtesting.com/notes/api/users/register
Request URI:	https://practice.expandtesting.com/notes/api/users/register
Request URI:	https://practice.expandtesting.com/notes/api/users/register
Request URI:	https://practice.expandtesting.com/notes/api/users/register
Request URI:	https://practice.expandtesting.com/notes/api/users/register
Request URI:	https://practice.expandtesting.com/notes/api/users/register
Request URI:	https://practice.expandtesting.com/notes/api/users/register
Request URI:	https://practice.expandtesting.com/notes/api/users/register
Request URI:	https://practice.expandtesting.com/notes/api/users/register
Request URI:	https://practice.expandtesting.com/notes/api/users/register
Request URI:	https://practice.expandtesting.com/notes/api/users/register
Request URI:	https://practice.expandtesting.com/notes/api/users/register
Request URI:	https://practice.expandtesting.com/notes/api/users/register
Request URI:	https://practice.expandtesting.com/notes/api/users/register
Request URI:	https://practice.expandtesting.com/notes/api/users/register
Request URI:	https://practice.expandtesting.com/notes/api/users/register
Request URI:	https://practice.expandtesting.com/notes/api/users/register
Request URI:	https://practice.expandtesting.com/notes/api/users/register
Request URI:	https://practice.expandtesting.com/notes/api/users/register
Request URI:	https://practice.expandtesting.com/notes/api/users/register
Request URI:	https://practice.expandtesting.com/notes/api/users/register
Request URI:	https://practice.expandtesting.com/notes/api/users/register
Request URI:	https://practice.expandtesting.com/notes/api/users/register
Request URI:	https://practice.expandtesting.com/notes/api/users/register
Request URI:	https://practice.expandtesting.com/notes/api/users/register
Request URI:	https://practice.expandtesting.com/notes/api/users/register
Request URI:	https://practice.expandtesting.com/notes/api/users/register
Request URI:	https://practice.expandtesting.com/notes/api/users/register
Request URI:	https://practice.expandtesting.com/notes/api/users/register
Request URI:	https://practice.expandtesting.com/notes/api/users/register
Request URI:	https://practice.expandtesting.com/notes/api/users/register
Request URI:	https://practice.expandtesting.com/notes/api/users/register
Request URI:	https://practice.expandtesting.com/notes/api/users/register
Request URI:	https://practice.expandtesting.com/notes/api/users/register
Request URI:	https://practice.expandtesting.com/notes/api/users/register
Request URI:	https://practice.expandtesting.com/notes/api/users/register
Request URI:	https://practice.expandtesting.com/notes/api/users/register
Request URI:	https://practice.expandtesting.com/notes/api/users/register
Request URI:	https://practice.expandtesting.com/notes/api/users/register
Request URI:	https://practice.expandtesting.com/notes/api/users/register
Request URI:	https://practice.expandtesting.com/notes/api/users/register
Request URI:	https://practice.expandtesting.com/notes/api/users/register
Request URI:	https://practice.expandtesting.com/notes/api/users/register
Request URI:	https://practice.expandtesting.com/notes/api/users/register
Request URI:	https://practice.expandtesting.com/notes/api/users/register
Request method:	POST
Request URI:	https://practice.expandtesting.com/notes/api/users/register
Proxy:			<none>
Request params:	<none>
Query params:	<none>
Form params:	<none>
Path params:	<none>
Headers:		X-Auth-Token=ef01e06cbbe146158fa417631ed5c41a2a0bb1bf7214480d8c8aaa93a036fa62
				Accept=*/*
				Content-Type=application/json
Cookies:		<none>
Multiparts:		<none>
Body:
{
    "email": "rjgmrtgm@irkmre.com,",
    "password": "1sbwcvt6g",
    "name": "angel.gerhold"
}
HTTP/1.1 400 Bad Request
access-control-allow-origin: *
access-control-allow-credentials: true
access-control-allow-methods: GET, POST, PUT, DELETE, PATCH
access-control-allow-headers: Origin, X-Requested-With, Authorization, Content-Type, Accept, X-Auth-Token
content-type: application/json; charset=utf-8
content-encoding: gzip
etag: W/"4c-2CHdrZOfnaVxbkWhhDN4H2L/4l8"
set-cookie: express:sess=eyJmbGFzaCI6e319; path=/; httponly
set-cookie: express:sess.sig=tdt42nQZiQvICqmrvHQ1_16fHk0; path=/; httponly
date: Sat, 19 Jul 2025 13:25:41 GMT
connection: keep-alive
keep-alive: timeout=5
transfer-encoding: chunked

{
    "success": false,
    "status": 400,
    "message": "A valid email address is required"
}
]]></system-out>
  <system-err><![CDATA[]]></system-err>
</testsuite>
